{"meta": {"format": 3, "version": "7.11.0", "timestamp": "2025-12-13T20:07:45.704383", "branch_coverage": false, "show_contexts": false}, "files": {"mcp_server\\__init__.py": {"executed_lines": [0], "summary": {"covered_lines": 0, "num_statements": 0, "percent_covered": 100.0, "percent_covered_display": "100", "missing_lines": 0, "excluded_lines": 0}, "missing_lines": [], "excluded_lines": [], "functions": {"": {"executed_lines": [], "summary": {"covered_lines": 0, "num_statements": 0, "percent_covered": 100.0, "percent_covered_display": "100", "missing_lines": 0, "excluded_lines": 0}, "missing_lines": [], "excluded_lines": []}}, "classes": {"": {"executed_lines": [], "summary": {"covered_lines": 0, "num_statements": 0, "percent_covered": 100.0, "percent_covered_display": "100", "missing_lines": 0, "excluded_lines": 0}, "missing_lines": [], "excluded_lines": []}}}, "mcp_server\\__main__.py": {"executed_lines": [], "summary": {"covered_lines": 0, "num_statements": 3, "percent_covered": 0.0, "percent_covered_display": "0", "missing_lines": 3, "excluded_lines": 0}, "missing_lines": [2, 4, 5], "excluded_lines": [], "functions": {"": {"executed_lines": [], "summary": {"covered_lines": 0, "num_statements": 3, "percent_covered": 0.0, "percent_covered_display": "0", "missing_lines": 3, "excluded_lines": 0}, "missing_lines": [2, 4, 5], "excluded_lines": []}}, "classes": {"": {"executed_lines": [], "summary": {"covered_lines": 0, "num_statements": 3, "percent_covered": 0.0, "percent_covered_display": "0", "missing_lines": 3, "excluded_lines": 0}, "missing_lines": [2, 4, 5], "excluded_lines": []}}}, "mcp_server\\adapters\\filesystem.py": {"executed_lines": [1, 2, 4, 5, 8, 9, 11, 12, 14, 16, 17, 18, 19, 21, 23, 24, 25, 31, 33, 34, 35, 36, 40], "summary": {"covered_lines": 21, "num_statements": 32, "percent_covered": 65.625, "percent_covered_display": "66", "missing_lines": 11, "excluded_lines": 0}, "missing_lines": [26, 27, 28, 29, 37, 38, 42, 43, 44, 49, 50], "excluded_lines": [], "functions": {"FilesystemAdapter.__init__": {"executed_lines": [12], "summary": {"covered_lines": 1, "num_statements": 1, "percent_covered": 100.0, "percent_covered_display": "100", "missing_lines": 0, "excluded_lines": 0}, "missing_lines": [], "excluded_lines": []}, "FilesystemAdapter._validate_path": {"executed_lines": [16, 17, 18, 19], "summary": {"covered_lines": 4, "num_statements": 4, "percent_covered": 100.0, "percent_covered_display": "100", "missing_lines": 0, "excluded_lines": 0}, "missing_lines": [], "excluded_lines": []}, "FilesystemAdapter.read_file": {"executed_lines": [23, 24, 25], "summary": {"covered_lines": 3, "num_statements": 7, "percent_covered": 42.857142857142854, "percent_covered_display": "43", "missing_lines": 4, "excluded_lines": 0}, "missing_lines": [26, 27, 28, 29], "excluded_lines": []}, "FilesystemAdapter.write_file": {"executed_lines": [33, 34, 35, 36], "summary": {"covered_lines": 4, "num_statements": 6, "percent_covered": 66.66666666666667, "percent_covered_display": "67", "missing_lines": 2, "excluded_lines": 0}, "missing_lines": [37, 38], "excluded_lines": []}, "FilesystemAdapter.list_files": {"executed_lines": [], "summary": {"covered_lines": 0, "num_statements": 5, "percent_covered": 0.0, "percent_covered_display": "0", "missing_lines": 5, "excluded_lines": 0}, "missing_lines": [42, 43, 44, 49, 50], "excluded_lines": []}, "": {"executed_lines": [1, 2, 4, 5, 8, 9, 11, 14, 21, 31, 40], "summary": {"covered_lines": 9, "num_statements": 9, "percent_covered": 100.0, "percent_covered_display": "100", "missing_lines": 0, "excluded_lines": 0}, "missing_lines": [], "excluded_lines": []}}, "classes": {"FilesystemAdapter": {"executed_lines": [12, 16, 17, 18, 19, 23, 24, 25, 33, 34, 35, 36], "summary": {"covered_lines": 12, "num_statements": 23, "percent_covered": 52.17391304347826, "percent_covered_display": "52", "missing_lines": 11, "excluded_lines": 0}, "missing_lines": [26, 27, 28, 29, 37, 38, 42, 43, 44, 49, 50], "excluded_lines": []}, "": {"executed_lines": [1, 2, 4, 5, 8, 9, 11, 14, 21, 31, 40], "summary": {"covered_lines": 9, "num_statements": 9, "percent_covered": 100.0, "percent_covered_display": "100", "missing_lines": 0, "excluded_lines": 0}, "missing_lines": [], "excluded_lines": []}}}, "mcp_server\\adapters\\git_adapter.py": {"executed_lines": [1, 2, 4, 6, 7, 10, 11, 13, 16, 17, 19, 20, 22, 23, 24, 32, 34, 36, 37, 44, 48, 58, 72, 81, 83, 84, 85, 86, 87, 88, 92, 94, 95, 96, 97, 101, 102, 103, 104, 106, 110, 112, 113, 114, 115, 116, 117, 121, 123, 124, 125, 126, 127, 130, 131, 132, 136, 142, 143, 144, 146, 147, 148, 150, 152, 153, 157, 163, 164, 165, 166, 167, 171, 196, 215], "summary": {"covered_lines": 73, "num_statements": 129, "percent_covered": 56.58914728682171, "percent_covered_display": "57", "missing_lines": 56, "excluded_lines": 0}, "missing_lines": [25, 26, 30, 31, 38, 40, 41, 42, 46, 50, 60, 61, 62, 67, 68, 69, 70, 74, 75, 76, 77, 78, 79, 89, 90, 107, 108, 118, 119, 133, 134, 154, 155, 168, 169, 181, 182, 183, 184, 185, 186, 189, 190, 191, 192, 193, 194, 206, 211, 212, 213, 224, 225, 226, 230, 231], "excluded_lines": [], "functions": {"GitAdapter.__init__": {"executed_lines": [16, 17], "summary": {"covered_lines": 2, "num_statements": 2, "percent_covered": 100.0, "percent_covered_display": "100", "missing_lines": 0, "excluded_lines": 0}, "missing_lines": [], "excluded_lines": []}, "GitAdapter.repo": {"executed_lines": [22, 23, 24, 32], "summary": {"covered_lines": 4, "num_statements": 8, "percent_covered": 50.0, "percent_covered_display": "50", "missing_lines": 4, "excluded_lines": 0}, "missing_lines": [25, 26, 30, 31], "excluded_lines": []}, "GitAdapter.get_current_branch": {"executed_lines": [36, 37], "summary": {"covered_lines": 2, "num_statements": 6, "percent_covered": 33.333333333333336, "percent_covered_display": "33", "missing_lines": 4, "excluded_lines": 0}, "missing_lines": [38, 40, 41, 42], "excluded_lines": []}, "GitAdapter.is_clean": {"executed_lines": [], "summary": {"covered_lines": 0, "num_statements": 1, "percent_covered": 0.0, "percent_covered_display": "0", "missing_lines": 1, "excluded_lines": 0}, "missing_lines": [46], "excluded_lines": []}, "GitAdapter.get_status": {"executed_lines": [], "summary": {"covered_lines": 0, "num_statements": 1, "percent_covered": 0.0, "percent_covered_display": "0", "missing_lines": 1, "excluded_lines": 0}, "missing_lines": [50], "excluded_lines": []}, "GitAdapter.create_branch": {"executed_lines": [], "summary": {"covered_lines": 0, "num_statements": 7, "percent_covered": 0.0, "percent_covered_display": "0", "missing_lines": 7, "excluded_lines": 0}, "missing_lines": [60, 61, 62, 67, 68, 69, 70], "excluded_lines": []}, "GitAdapter.commit": {"executed_lines": [], "summary": {"covered_lines": 0, "num_statements": 6, "percent_covered": 0.0, "percent_covered_display": "0", "missing_lines": 6, "excluded_lines": 0}, "missing_lines": [74, 75, 76, 77, 78, 79], "excluded_lines": []}, "GitAdapter.checkout": {"executed_lines": [83, 84, 85, 86, 87, 88], "summary": {"covered_lines": 6, "num_statements": 8, "percent_covered": 75.0, "percent_covered_display": "75", "missing_lines": 2, "excluded_lines": 0}, "missing_lines": [89, 90], "excluded_lines": []}, "GitAdapter.push": {"executed_lines": [94, 95, 96, 97, 101, 102, 103, 104, 106], "summary": {"covered_lines": 9, "num_statements": 11, "percent_covered": 81.81818181818181, "percent_covered_display": "82", "missing_lines": 2, "excluded_lines": 0}, "missing_lines": [107, 108], "excluded_lines": []}, "GitAdapter.merge": {"executed_lines": [112, 113, 114, 115, 116, 117], "summary": {"covered_lines": 6, "num_statements": 8, "percent_covered": 75.0, "percent_covered_display": "75", "missing_lines": 2, "excluded_lines": 0}, "missing_lines": [118, 119], "excluded_lines": []}, "GitAdapter.delete_branch": {"executed_lines": [123, 124, 125, 126, 127, 130, 131, 132], "summary": {"covered_lines": 8, "num_statements": 10, "percent_covered": 80.0, "percent_covered_display": "80", "missing_lines": 2, "excluded_lines": 0}, "missing_lines": [133, 134], "excluded_lines": []}, "GitAdapter.stash": {"executed_lines": [142, 143, 144, 146, 147, 148], "summary": {"covered_lines": 6, "num_statements": 6, "percent_covered": 100.0, "percent_covered_display": "100", "missing_lines": 0, "excluded_lines": 0}, "missing_lines": [], "excluded_lines": []}, "GitAdapter.stash_pop": {"executed_lines": [152, 153], "summary": {"covered_lines": 2, "num_statements": 4, "percent_covered": 50.0, "percent_covered_display": "50", "missing_lines": 2, "excluded_lines": 0}, "missing_lines": [154, 155], "excluded_lines": []}, "GitAdapter.stash_list": {"executed_lines": [163, 164, 165, 166, 167], "summary": {"covered_lines": 5, "num_statements": 7, "percent_covered": 71.42857142857143, "percent_covered_display": "71", "missing_lines": 2, "excluded_lines": 0}, "missing_lines": [168, 169], "excluded_lines": []}, "GitAdapter.list_branches": {"executed_lines": [], "summary": {"covered_lines": 0, "num_statements": 12, "percent_covered": 0.0, "percent_covered_display": "0", "missing_lines": 12, "excluded_lines": 0}, "missing_lines": [181, 182, 183, 184, 185, 186, 189, 190, 191, 192, 193, 194], "excluded_lines": []}, "GitAdapter.get_diff_stat": {"executed_lines": [], "summary": {"covered_lines": 0, "num_statements": 4, "percent_covered": 0.0, "percent_covered_display": "0", "missing_lines": 4, "excluded_lines": 0}, "missing_lines": [206, 211, 212, 213], "excluded_lines": []}, "GitAdapter.get_recent_commits": {"executed_lines": [], "summary": {"covered_lines": 0, "num_statements": 5, "percent_covered": 0.0, "percent_covered_display": "0", "missing_lines": 5, "excluded_lines": 0}, "missing_lines": [224, 225, 226, 230, 231], "excluded_lines": []}, "": {"executed_lines": [1, 2, 4, 6, 7, 10, 11, 13, 19, 20, 34, 44, 48, 58, 72, 81, 92, 110, 121, 136, 150, 157, 171, 196, 215], "summary": {"covered_lines": 23, "num_statements": 23, "percent_covered": 100.0, "percent_covered_display": "100", "missing_lines": 0, "excluded_lines": 0}, "missing_lines": [], "excluded_lines": []}}, "classes": {"GitAdapter": {"executed_lines": [16, 17, 22, 23, 24, 32, 36, 37, 83, 84, 85, 86, 87, 88, 94, 95, 96, 97, 101, 102, 103, 104, 106, 112, 113, 114, 115, 116, 117, 123, 124, 125, 126, 127, 130, 131, 132, 142, 143, 144, 146, 147, 148, 152, 153, 163, 164, 165, 166, 167], "summary": {"covered_lines": 50, "num_statements": 106, "percent_covered": 47.16981132075472, "percent_covered_display": "47", "missing_lines": 56, "excluded_lines": 0}, "missing_lines": [25, 26, 30, 31, 38, 40, 41, 42, 46, 50, 60, 61, 62, 67, 68, 69, 70, 74, 75, 76, 77, 78, 79, 89, 90, 107, 108, 118, 119, 133, 134, 154, 155, 168, 169, 181, 182, 183, 184, 185, 186, 189, 190, 191, 192, 193, 194, 206, 211, 212, 213, 224, 225, 226, 230, 231], "excluded_lines": []}, "": {"executed_lines": [1, 2, 4, 6, 7, 10, 11, 13, 19, 20, 34, 44, 48, 58, 72, 81, 92, 110, 121, 136, 150, 157, 171, 196, 215], "summary": {"covered_lines": 23, "num_statements": 23, "percent_covered": 100.0, "percent_covered_display": "100", "missing_lines": 0, "excluded_lines": 0}, "missing_lines": [], "excluded_lines": []}}}, "mcp_server\\adapters\\github_adapter.py": {"executed_lines": [1, 2, 3, 5, 6, 7, 8, 9, 10, 12, 13, 16, 17, 19, 21, 27, 28, 30, 31, 44, 56, 88, 126, 138, 158, 166, 194, 201, 222, 235, 247, 254, 281, 295, 313], "summary": {"covered_lines": 33, "num_statements": 180, "percent_covered": 18.333333333333332, "percent_covered_display": "18", "missing_lines": 147, "excluded_lines": 0}, "missing_lines": [22, 33, 34, 35, 36, 37, 38, 42, 46, 47, 48, 49, 50, 54, 65, 70, 71, 73, 74, 75, 76, 77, 78, 80, 81, 83, 84, 85, 86, 99, 100, 102, 103, 104, 105, 106, 107, 108, 109, 110, 111, 112, 113, 114, 115, 118, 119, 121, 122, 123, 124, 132, 133, 134, 136, 147, 148, 155, 156, 160, 161, 162, 163, 164, 180, 181, 184, 185, 188, 190, 191, 192, 196, 197, 198, 199, 208, 209, 214, 215, 216, 220, 224, 225, 226, 227, 228, 229, 233, 237, 238, 239, 240, 241, 242, 243, 244, 245, 249, 250, 251, 252, 261, 262, 263, 264, 265, 266, 270, 271, 272, 273, 274, 275, 277, 278, 279, 283, 284, 285, 286, 287, 288, 289, 293, 302, 303, 304, 305, 306, 308, 309, 310, 311, 320, 321, 322, 323, 324, 325, 326, 327, 328, 332, 334, 335, 340], "excluded_lines": [], "functions": {"GitHubAdapter.__init__": {"executed_lines": [21, 27, 28], "summary": {"covered_lines": 3, "num_statements": 4, "percent_covered": 75.0, "percent_covered_display": "75", "missing_lines": 1, "excluded_lines": 0}, "missing_lines": [22], "excluded_lines": []}, "GitHubAdapter.repo": {"executed_lines": [], "summary": {"covered_lines": 0, "num_statements": 7, "percent_covered": 0.0, "percent_covered_display": "0", "missing_lines": 7, "excluded_lines": 0}, "missing_lines": [33, 34, 35, 36, 37, 38, 42], "excluded_lines": []}, "GitHubAdapter.get_issue": {"executed_lines": [], "summary": {"covered_lines": 0, "num_statements": 6, "percent_covered": 0.0, "percent_covered_display": "0", "missing_lines": 6, "excluded_lines": 0}, "missing_lines": [46, 47, 48, 49, 50, 54], "excluded_lines": []}, "GitHubAdapter.create_issue": {"executed_lines": [], "summary": {"covered_lines": 0, "num_statements": 15, "percent_covered": 0.0, "percent_covered_display": "0", "missing_lines": 15, "excluded_lines": 0}, "missing_lines": [65, 70, 71, 73, 74, 75, 76, 77, 78, 80, 81, 83, 84, 85, 86], "excluded_lines": []}, "GitHubAdapter.update_issue": {"executed_lines": [], "summary": {"covered_lines": 0, "num_statements": 22, "percent_covered": 0.0, "percent_covered_display": "0", "missing_lines": 22, "excluded_lines": 0}, "missing_lines": [99, 100, 102, 103, 104, 105, 106, 107, 108, 109, 110, 111, 112, 113, 114, 115, 118, 119, 121, 122, 123, 124], "excluded_lines": []}, "GitHubAdapter.list_issues": {"executed_lines": [], "summary": {"covered_lines": 0, "num_statements": 4, "percent_covered": 0.0, "percent_covered_display": "0", "missing_lines": 4, "excluded_lines": 0}, "missing_lines": [132, 133, 134, 136], "excluded_lines": []}, "GitHubAdapter.create_pr": {"executed_lines": [], "summary": {"covered_lines": 0, "num_statements": 4, "percent_covered": 0.0, "percent_covered_display": "0", "missing_lines": 4, "excluded_lines": 0}, "missing_lines": [147, 148, 155, 156], "excluded_lines": []}, "GitHubAdapter.add_labels": {"executed_lines": [], "summary": {"covered_lines": 0, "num_statements": 5, "percent_covered": 0.0, "percent_covered_display": "0", "missing_lines": 5, "excluded_lines": 0}, "missing_lines": [160, 161, 162, 163, 164], "excluded_lines": []}, "GitHubAdapter.close_issue": {"executed_lines": [], "summary": {"covered_lines": 0, "num_statements": 8, "percent_covered": 0.0, "percent_covered_display": "0", "missing_lines": 8, "excluded_lines": 0}, "missing_lines": [180, 181, 184, 185, 188, 190, 191, 192], "excluded_lines": []}, "GitHubAdapter.list_labels": {"executed_lines": [], "summary": {"covered_lines": 0, "num_statements": 4, "percent_covered": 0.0, "percent_covered_display": "0", "missing_lines": 4, "excluded_lines": 0}, "missing_lines": [196, 197, 198, 199], "excluded_lines": []}, "GitHubAdapter.create_label": {"executed_lines": [], "summary": {"covered_lines": 0, "num_statements": 6, "percent_covered": 0.0, "percent_covered_display": "0", "missing_lines": 6, "excluded_lines": 0}, "missing_lines": [208, 209, 214, 215, 216, 220], "excluded_lines": []}, "GitHubAdapter.delete_label": {"executed_lines": [], "summary": {"covered_lines": 0, "num_statements": 7, "percent_covered": 0.0, "percent_covered_display": "0", "missing_lines": 7, "excluded_lines": 0}, "missing_lines": [224, 225, 226, 227, 228, 229, 233], "excluded_lines": []}, "GitHubAdapter.remove_labels": {"executed_lines": [], "summary": {"covered_lines": 0, "num_statements": 9, "percent_covered": 0.0, "percent_covered_display": "0", "missing_lines": 9, "excluded_lines": 0}, "missing_lines": [237, 238, 239, 240, 241, 242, 243, 244, 245], "excluded_lines": []}, "GitHubAdapter.list_milestones": {"executed_lines": [], "summary": {"covered_lines": 0, "num_statements": 4, "percent_covered": 0.0, "percent_covered_display": "0", "missing_lines": 4, "excluded_lines": 0}, "missing_lines": [249, 250, 251, 252], "excluded_lines": []}, "GitHubAdapter.create_milestone": {"executed_lines": [], "summary": {"covered_lines": 0, "num_statements": 15, "percent_covered": 0.0, "percent_covered_display": "0", "missing_lines": 15, "excluded_lines": 0}, "missing_lines": [261, 262, 263, 264, 265, 266, 270, 271, 272, 273, 274, 275, 277, 278, 279], "excluded_lines": []}, "GitHubAdapter.close_milestone": {"executed_lines": [], "summary": {"covered_lines": 0, "num_statements": 8, "percent_covered": 0.0, "percent_covered_display": "0", "missing_lines": 8, "excluded_lines": 0}, "missing_lines": [283, 284, 285, 286, 287, 288, 289, 293], "excluded_lines": []}, "GitHubAdapter.list_prs": {"executed_lines": [], "summary": {"covered_lines": 0, "num_statements": 9, "percent_covered": 0.0, "percent_covered_display": "0", "missing_lines": 9, "excluded_lines": 0}, "missing_lines": [302, 303, 304, 305, 306, 308, 309, 310, 311], "excluded_lines": []}, "GitHubAdapter.merge_pr": {"executed_lines": [], "summary": {"covered_lines": 0, "num_statements": 13, "percent_covered": 0.0, "percent_covered_display": "0", "missing_lines": 13, "excluded_lines": 0}, "missing_lines": [320, 321, 322, 323, 324, 325, 326, 327, 328, 332, 334, 335, 340], "excluded_lines": []}, "": {"executed_lines": [1, 2, 3, 5, 6, 7, 8, 9, 10, 12, 13, 16, 17, 19, 30, 31, 44, 56, 88, 126, 138, 158, 166, 194, 201, 222, 235, 247, 254, 281, 295, 313], "summary": {"covered_lines": 30, "num_statements": 30, "percent_covered": 100.0, "percent_covered_display": "100", "missing_lines": 0, "excluded_lines": 0}, "missing_lines": [], "excluded_lines": []}}, "classes": {"GitHubAdapter": {"executed_lines": [21, 27, 28], "summary": {"covered_lines": 3, "num_statements": 150, "percent_covered": 2.0, "percent_covered_display": "2", "missing_lines": 147, "excluded_lines": 0}, "missing_lines": [22, 33, 34, 35, 36, 37, 38, 42, 46, 47, 48, 49, 50, 54, 65, 70, 71, 73, 74, 75, 76, 77, 78, 80, 81, 83, 84, 85, 86, 99, 100, 102, 103, 104, 105, 106, 107, 108, 109, 110, 111, 112, 113, 114, 115, 118, 119, 121, 122, 123, 124, 132, 133, 134, 136, 147, 148, 155, 156, 160, 161, 162, 163, 164, 180, 181, 184, 185, 188, 190, 191, 192, 196, 197, 198, 199, 208, 209, 214, 215, 216, 220, 224, 225, 226, 227, 228, 229, 233, 237, 238, 239, 240, 241, 242, 243, 244, 245, 249, 250, 251, 252, 261, 262, 263, 264, 265, 266, 270, 271, 272, 273, 274, 275, 277, 278, 279, 283, 284, 285, 286, 287, 288, 289, 293, 302, 303, 304, 305, 306, 308, 309, 310, 311, 320, 321, 322, 323, 324, 325, 326, 327, 328, 332, 334, 335, 340], "excluded_lines": []}, "": {"executed_lines": [1, 2, 3, 5, 6, 7, 8, 9, 10, 12, 13, 16, 17, 19, 30, 31, 44, 56, 88, 126, 138, 158, 166, 194, 201, 222, 235, 247, 254, 281, 295, 313], "summary": {"covered_lines": 30, "num_statements": 30, "percent_covered": 100.0, "percent_covered_display": "100", "missing_lines": 0, "excluded_lines": 0}, "missing_lines": [], "excluded_lines": []}}}, "mcp_server\\cli.py": {"executed_lines": [1, 2, 3, 5, 6, 9, 11, 12, 14, 16, 18, 19, 21, 24], "summary": {"covered_lines": 13, "num_statements": 14, "percent_covered": 92.85714285714286, "percent_covered_display": "93", "missing_lines": 1, "excluded_lines": 0}, "missing_lines": [25], "excluded_lines": [], "functions": {"main": {"executed_lines": [11, 12, 14, 16, 18, 19, 21], "summary": {"covered_lines": 7, "num_statements": 7, "percent_covered": 100.0, "percent_covered_display": "100", "missing_lines": 0, "excluded_lines": 0}, "missing_lines": [], "excluded_lines": []}, "": {"executed_lines": [1, 2, 3, 5, 6, 9, 24], "summary": {"covered_lines": 6, "num_statements": 7, "percent_covered": 85.71428571428571, "percent_covered_display": "86", "missing_lines": 1, "excluded_lines": 0}, "missing_lines": [25], "excluded_lines": []}}, "classes": {"": {"executed_lines": [1, 2, 3, 5, 6, 9, 11, 12, 14, 16, 18, 19, 21, 24], "summary": {"covered_lines": 13, "num_statements": 14, "percent_covered": 92.85714285714286, "percent_covered_display": "93", "missing_lines": 1, "excluded_lines": 0}, "missing_lines": [25], "excluded_lines": []}}}, "mcp_server\\config\\__init__.py": {"executed_lines": [0], "summary": {"covered_lines": 0, "num_statements": 0, "percent_covered": 100.0, "percent_covered_display": "100", "missing_lines": 0, "excluded_lines": 0}, "missing_lines": [], "excluded_lines": [], "functions": {"": {"executed_lines": [], "summary": {"covered_lines": 0, "num_statements": 0, "percent_covered": 100.0, "percent_covered_display": "100", "missing_lines": 0, "excluded_lines": 0}, "missing_lines": [], "excluded_lines": []}}, "classes": {"": {"executed_lines": [], "summary": {"covered_lines": 0, "num_statements": 0, "percent_covered": 100.0, "percent_covered_display": "100", "missing_lines": 0, "excluded_lines": 0}, "missing_lines": [], "excluded_lines": []}}}, "mcp_server\\config\\settings.py": {"executed_lines": [1, 2, 3, 4, 6, 7, 10, 11, 13, 14, 17, 18, 20, 21, 22, 25, 26, 28, 29, 30, 31, 34, 35, 37, 38, 39, 41, 42, 44, 47, 48, 50, 52, 53, 54, 57, 58, 59, 60, 62, 63, 65, 67, 71], "summary": {"covered_lines": 39, "num_statements": 40, "percent_covered": 97.5, "percent_covered_display": "98", "missing_lines": 1, "excluded_lines": 0}, "missing_lines": [64], "excluded_lines": [], "functions": {"Settings.load": {"executed_lines": [44, 47, 48, 50, 52, 53, 54, 57, 58, 59, 60, 62, 63, 65, 67], "summary": {"covered_lines": 15, "num_statements": 16, "percent_covered": 93.75, "percent_covered_display": "94", "missing_lines": 1, "excluded_lines": 0}, "missing_lines": [64], "excluded_lines": []}, "": {"executed_lines": [1, 2, 3, 4, 6, 7, 10, 11, 13, 14, 17, 18, 20, 21, 22, 25, 26, 28, 29, 30, 31, 34, 35, 37, 38, 39, 41, 42, 71], "summary": {"covered_lines": 24, "num_statements": 24, "percent_covered": 100.0, "percent_covered_display": "100", "missing_lines": 0, "excluded_lines": 0}, "missing_lines": [], "excluded_lines": []}}, "classes": {"LogSettings": {"executed_lines": [], "summary": {"covered_lines": 0, "num_statements": 0, "percent_covered": 100.0, "percent_covered_display": "100", "missing_lines": 0, "excluded_lines": 0}, "missing_lines": [], "excluded_lines": []}, "ServerSettings": {"executed_lines": [], "summary": {"covered_lines": 0, "num_statements": 0, "percent_covered": 100.0, "percent_covered_display": "100", "missing_lines": 0, "excluded_lines": 0}, "missing_lines": [], "excluded_lines": []}, "GitHubSettings": {"executed_lines": [], "summary": {"covered_lines": 0, "num_statements": 0, "percent_covered": 100.0, "percent_covered_display": "100", "missing_lines": 0, "excluded_lines": 0}, "missing_lines": [], "excluded_lines": []}, "Settings": {"executed_lines": [44, 47, 48, 50, 52, 53, 54, 57, 58, 59, 60, 62, 63, 65, 67], "summary": {"covered_lines": 15, "num_statements": 16, "percent_covered": 93.75, "percent_covered_display": "94", "missing_lines": 1, "excluded_lines": 0}, "missing_lines": [64], "excluded_lines": []}, "": {"executed_lines": [1, 2, 3, 4, 6, 7, 10, 11, 13, 14, 17, 18, 20, 21, 22, 25, 26, 28, 29, 30, 31, 34, 35, 37, 38, 39, 41, 42, 71], "summary": {"covered_lines": 24, "num_statements": 24, "percent_covered": 100.0, "percent_covered_display": "100", "missing_lines": 0, "excluded_lines": 0}, "missing_lines": [], "excluded_lines": []}}}, "mcp_server\\core\\__init__.py": {"executed_lines": [0], "summary": {"covered_lines": 0, "num_statements": 0, "percent_covered": 100.0, "percent_covered_display": "100", "missing_lines": 0, "excluded_lines": 0}, "missing_lines": [], "excluded_lines": [], "functions": {"": {"executed_lines": [], "summary": {"covered_lines": 0, "num_statements": 0, "percent_covered": 100.0, "percent_covered_display": "100", "missing_lines": 0, "excluded_lines": 0}, "missing_lines": [], "excluded_lines": []}}, "classes": {"": {"executed_lines": [], "summary": {"covered_lines": 0, "num_statements": 0, "percent_covered": 100.0, "percent_covered_display": "100", "missing_lines": 0, "excluded_lines": 0}, "missing_lines": [], "excluded_lines": []}}}, "mcp_server\\core\\exceptions.py": {"executed_lines": [1, 4, 5, 7, 14, 15, 16, 17, 20, 21, 23, 25, 28, 29, 31, 33, 34, 37, 38, 40, 42, 43, 46, 47, 49, 51, 52], "summary": {"covered_lines": 21, "num_statements": 21, "percent_covered": 100.0, "percent_covered_display": "100", "missing_lines": 0, "excluded_lines": 0}, "missing_lines": [], "excluded_lines": [], "functions": {"MCPError.__init__": {"executed_lines": [14, 15, 16, 17], "summary": {"covered_lines": 4, "num_statements": 4, "percent_covered": 100.0, "percent_covered_display": "100", "missing_lines": 0, "excluded_lines": 0}, "missing_lines": [], "excluded_lines": []}, "ValidationError.__init__": {"executed_lines": [25], "summary": {"covered_lines": 1, "num_statements": 1, "percent_covered": 100.0, "percent_covered_display": "100", "missing_lines": 0, "excluded_lines": 0}, "missing_lines": [], "excluded_lines": []}, "PreflightError.__init__": {"executed_lines": [33, 34], "summary": {"covered_lines": 2, "num_statements": 2, "percent_covered": 100.0, "percent_covered_display": "100", "missing_lines": 0, "excluded_lines": 0}, "missing_lines": [], "excluded_lines": []}, "ExecutionError.__init__": {"executed_lines": [42, 43], "summary": {"covered_lines": 2, "num_statements": 2, "percent_covered": 100.0, "percent_covered_display": "100", "missing_lines": 0, "excluded_lines": 0}, "missing_lines": [], "excluded_lines": []}, "MCPSystemError.__init__": {"executed_lines": [51, 52], "summary": {"covered_lines": 2, "num_statements": 2, "percent_covered": 100.0, "percent_covered_display": "100", "missing_lines": 0, "excluded_lines": 0}, "missing_lines": [], "excluded_lines": []}, "": {"executed_lines": [1, 4, 5, 7, 20, 21, 23, 28, 29, 31, 37, 38, 40, 46, 47, 49], "summary": {"covered_lines": 10, "num_statements": 10, "percent_covered": 100.0, "percent_covered_display": "100", "missing_lines": 0, "excluded_lines": 0}, "missing_lines": [], "excluded_lines": []}}, "classes": {"MCPError": {"executed_lines": [14, 15, 16, 17], "summary": {"covered_lines": 4, "num_statements": 4, "percent_covered": 100.0, "percent_covered_display": "100", "missing_lines": 0, "excluded_lines": 0}, "missing_lines": [], "excluded_lines": []}, "ValidationError": {"executed_lines": [25], "summary": {"covered_lines": 1, "num_statements": 1, "percent_covered": 100.0, "percent_covered_display": "100", "missing_lines": 0, "excluded_lines": 0}, "missing_lines": [], "excluded_lines": []}, "PreflightError": {"executed_lines": [33, 34], "summary": {"covered_lines": 2, "num_statements": 2, "percent_covered": 100.0, "percent_covered_display": "100", "missing_lines": 0, "excluded_lines": 0}, "missing_lines": [], "excluded_lines": []}, "ExecutionError": {"executed_lines": [42, 43], "summary": {"covered_lines": 2, "num_statements": 2, "percent_covered": 100.0, "percent_covered_display": "100", "missing_lines": 0, "excluded_lines": 0}, "missing_lines": [], "excluded_lines": []}, "MCPSystemError": {"executed_lines": [51, 52], "summary": {"covered_lines": 2, "num_statements": 2, "percent_covered": 100.0, "percent_covered_display": "100", "missing_lines": 0, "excluded_lines": 0}, "missing_lines": [], "excluded_lines": []}, "": {"executed_lines": [1, 4, 5, 7, 20, 21, 23, 28, 29, 31, 37, 38, 40, 46, 47, 49], "summary": {"covered_lines": 10, "num_statements": 10, "percent_covered": 100.0, "percent_covered_display": "100", "missing_lines": 0, "excluded_lines": 0}, "missing_lines": [], "excluded_lines": []}}}, "mcp_server\\core\\logging.py": {"executed_lines": [1, 2, 3, 4, 5, 7, 10, 11, 13, 15, 22, 23, 25, 28, 31, 33, 34, 37, 38, 39, 42, 43, 44, 47, 48, 49, 51, 54, 56], "summary": {"covered_lines": 27, "num_statements": 28, "percent_covered": 96.42857142857143, "percent_covered_display": "96", "missing_lines": 1, "excluded_lines": 0}, "missing_lines": [26], "excluded_lines": [], "functions": {"StructuredFormatter.format": {"executed_lines": [15, 22, 23, 25, 28], "summary": {"covered_lines": 5, "num_statements": 6, "percent_covered": 83.33333333333333, "percent_covered_display": "83", "missing_lines": 1, "excluded_lines": 0}, "missing_lines": [26], "excluded_lines": []}, "setup_logging": {"executed_lines": [33, 34, 37, 38, 39, 42, 43, 44, 47, 48, 49, 51], "summary": {"covered_lines": 12, "num_statements": 12, "percent_covered": 100.0, "percent_covered_display": "100", "missing_lines": 0, "excluded_lines": 0}, "missing_lines": [], "excluded_lines": []}, "get_logger": {"executed_lines": [56], "summary": {"covered_lines": 1, "num_statements": 1, "percent_covered": 100.0, "percent_covered_display": "100", "missing_lines": 0, "excluded_lines": 0}, "missing_lines": [], "excluded_lines": []}, "": {"executed_lines": [1, 2, 3, 4, 5, 7, 10, 11, 13, 31, 54], "summary": {"covered_lines": 9, "num_statements": 9, "percent_covered": 100.0, "percent_covered_display": "100", "missing_lines": 0, "excluded_lines": 0}, "missing_lines": [], "excluded_lines": []}}, "classes": {"StructuredFormatter": {"executed_lines": [15, 22, 23, 25, 28], "summary": {"covered_lines": 5, "num_statements": 6, "percent_covered": 83.33333333333333, "percent_covered_display": "83", "missing_lines": 1, "excluded_lines": 0}, "missing_lines": [26], "excluded_lines": []}, "": {"executed_lines": [1, 2, 3, 4, 5, 7, 10, 11, 13, 31, 33, 34, 37, 38, 39, 42, 43, 44, 47, 48, 49, 51, 54, 56], "summary": {"covered_lines": 22, "num_statements": 22, "percent_covered": 100.0, "percent_covered_display": "100", "missing_lines": 0, "excluded_lines": 0}, "missing_lines": [], "excluded_lines": []}}}, "mcp_server\\integrations\\__init__.py": {"executed_lines": [], "summary": {"covered_lines": 0, "num_statements": 0, "percent_covered": 100.0, "percent_covered_display": "100", "missing_lines": 0, "excluded_lines": 0}, "missing_lines": [], "excluded_lines": [], "functions": {"": {"executed_lines": [], "summary": {"covered_lines": 0, "num_statements": 0, "percent_covered": 100.0, "percent_covered_display": "100", "missing_lines": 0, "excluded_lines": 0}, "missing_lines": [], "excluded_lines": []}}, "classes": {"": {"executed_lines": [], "summary": {"covered_lines": 0, "num_statements": 0, "percent_covered": 100.0, "percent_covered_display": "100", "missing_lines": 0, "excluded_lines": 0}, "missing_lines": [], "excluded_lines": []}}}, "mcp_server\\managers\\doc_manager.py": {"executed_lines": [1, 2, 3, 4, 6, 7, 10, 11, 16, 23, 31, 37, 38, 39, 41, 43, 44, 46, 48, 50, 51, 53, 54, 55, 56, 57, 59, 66, 67, 69, 71, 72, 74, 91, 94, 95, 96, 98, 100, 101, 102, 103, 106, 109, 111, 113, 117, 126, 127, 129, 133, 134, 135, 137, 138, 141, 144, 145, 146, 148, 150, 158, 159, 160, 162, 163, 164, 166, 167, 168, 170, 171, 172, 173, 179, 181, 183, 185, 187, 189, 191, 192, 195, 196, 197, 199, 204, 206, 207, 210], "summary": {"covered_lines": 88, "num_statements": 89, "percent_covered": 98.87640449438203, "percent_covered_display": "99", "missing_lines": 1, "excluded_lines": 0}, "missing_lines": [92], "excluded_lines": [], "functions": {"DocManager.__init__": {"executed_lines": [37, 38, 39, 41, 43, 44], "summary": {"covered_lines": 6, "num_statements": 6, "percent_covered": 100.0, "percent_covered_display": "100", "missing_lines": 0, "excluded_lines": 0}, "missing_lines": [], "excluded_lines": []}, "DocManager._build_index": {"executed_lines": [48, 50, 51, 53, 54, 55, 56, 57, 59, 66, 67], "summary": {"covered_lines": 11, "num_statements": 11, "percent_covered": 100.0, "percent_covered_display": "100", "missing_lines": 0, "excluded_lines": 0}, "missing_lines": [], "excluded_lines": []}, "DocManager._extract_title": {"executed_lines": [71, 72], "summary": {"covered_lines": 2, "num_statements": 2, "percent_covered": 100.0, "percent_covered_display": "100", "missing_lines": 0, "excluded_lines": 0}, "missing_lines": [], "excluded_lines": []}, "DocManager.search": {"executed_lines": [91, 94, 95, 96, 98, 100, 101, 102, 103, 106, 109, 111, 113, 117, 126, 127], "summary": {"covered_lines": 16, "num_statements": 17, "percent_covered": 94.11764705882354, "percent_covered_display": "94", "missing_lines": 1, "excluded_lines": 0}, "missing_lines": [92], "excluded_lines": []}, "DocManager._calculate_relevance": {"executed_lines": [133, 134, 135, 137, 138, 141, 144, 145, 146, 148], "summary": {"covered_lines": 10, "num_statements": 10, "percent_covered": 100.0, "percent_covered_display": "100", "missing_lines": 0, "excluded_lines": 0}, "missing_lines": [], "excluded_lines": []}, "DocManager._find_best_match": {"executed_lines": [158, 159, 160, 162, 163, 164, 166, 167, 168, 170, 171, 172, 173, 179], "summary": {"covered_lines": 14, "num_statements": 14, "percent_covered": 100.0, "percent_covered_display": "100", "missing_lines": 0, "excluded_lines": 0}, "missing_lines": [], "excluded_lines": []}, "DocManager.get_document_count": {"executed_lines": [183], "summary": {"covered_lines": 1, "num_statements": 1, "percent_covered": 100.0, "percent_covered_display": "100", "missing_lines": 0, "excluded_lines": 0}, "missing_lines": [], "excluded_lines": []}, "DocManager.list_documents": {"executed_lines": [187], "summary": {"covered_lines": 1, "num_statements": 1, "percent_covered": 100.0, "percent_covered_display": "100", "missing_lines": 0, "excluded_lines": 0}, "missing_lines": [], "excluded_lines": []}, "DocManager.validate_structure": {"executed_lines": [191, 192, 195, 196, 197, 199], "summary": {"covered_lines": 6, "num_statements": 6, "percent_covered": 100.0, "percent_covered_display": "100", "missing_lines": 0, "excluded_lines": 0}, "missing_lines": [], "excluded_lines": []}, "DocManager.get_template": {"executed_lines": [206, 207, 210], "summary": {"covered_lines": 3, "num_statements": 3, "percent_covered": 100.0, "percent_covered_display": "100", "missing_lines": 0, "excluded_lines": 0}, "missing_lines": [], "excluded_lines": []}, "": {"executed_lines": [1, 2, 3, 4, 6, 7, 10, 11, 16, 23, 31, 46, 69, 74, 129, 150, 181, 185, 189, 204], "summary": {"covered_lines": 18, "num_statements": 18, "percent_covered": 100.0, "percent_covered_display": "100", "missing_lines": 0, "excluded_lines": 0}, "missing_lines": [], "excluded_lines": []}}, "classes": {"DocManager": {"executed_lines": [37, 38, 39, 41, 43, 44, 48, 50, 51, 53, 54, 55, 56, 57, 59, 66, 67, 71, 72, 91, 94, 95, 96, 98, 100, 101, 102, 103, 106, 109, 111, 113, 117, 126, 127, 133, 134, 135, 137, 138, 141, 144, 145, 146, 148, 158, 159, 160, 162, 163, 164, 166, 167, 168, 170, 171, 172, 173, 179, 183, 187, 191, 192, 195, 196, 197, 199, 206, 207, 210], "summary": {"covered_lines": 70, "num_statements": 71, "percent_covered": 98.59154929577464, "percent_covered_display": "99", "missing_lines": 1, "excluded_lines": 0}, "missing_lines": [92], "excluded_lines": []}, "": {"executed_lines": [1, 2, 3, 4, 6, 7, 10, 11, 16, 23, 31, 46, 69, 74, 129, 150, 181, 185, 189, 204], "summary": {"covered_lines": 18, "num_statements": 18, "percent_covered": 100.0, "percent_covered_display": "100", "missing_lines": 0, "excluded_lines": 0}, "missing_lines": [], "excluded_lines": []}}}, "mcp_server\\managers\\git_manager.py": {"executed_lines": [1, 2, 3, 5, 6, 9, 10, 12, 13, 15, 17, 19, 22, 23, 28, 29, 34, 37, 38, 43, 44, 46, 48, 49, 54, 60, 61, 63, 65, 66, 68, 70, 72, 74, 76, 78, 79, 83, 85, 87, 88, 89, 93, 95, 101, 103, 105, 107, 113, 115, 121, 123, 133, 135, 145, 147, 156], "summary": {"covered_lines": 55, "num_statements": 55, "percent_covered": 100.0, "percent_covered_display": "100", "missing_lines": 0, "excluded_lines": 0}, "missing_lines": [], "excluded_lines": [], "functions": {"GitManager.__init__": {"executed_lines": [13], "summary": {"covered_lines": 1, "num_statements": 1, "percent_covered": 100.0, "percent_covered_display": "100", "missing_lines": 0, "excluded_lines": 0}, "missing_lines": [], "excluded_lines": []}, "GitManager.get_status": {"executed_lines": [17], "summary": {"covered_lines": 1, "num_statements": 1, "percent_covered": 100.0, "percent_covered_display": "100", "missing_lines": 0, "excluded_lines": 0}, "missing_lines": [], "excluded_lines": []}, "GitManager.create_feature_branch": {"executed_lines": [22, 23, 28, 29, 34, 37, 38, 43, 44], "summary": {"covered_lines": 9, "num_statements": 9, "percent_covered": 100.0, "percent_covered_display": "100", "missing_lines": 0, "excluded_lines": 0}, "missing_lines": [], "excluded_lines": []}, "GitManager.commit_tdd_phase": {"executed_lines": [48, 49, 54, 60, 61], "summary": {"covered_lines": 5, "num_statements": 5, "percent_covered": 100.0, "percent_covered_display": "100", "missing_lines": 0, "excluded_lines": 0}, "missing_lines": [], "excluded_lines": []}, "GitManager.commit_docs": {"executed_lines": [65, 66], "summary": {"covered_lines": 2, "num_statements": 2, "percent_covered": 100.0, "percent_covered_display": "100", "missing_lines": 0, "excluded_lines": 0}, "missing_lines": [], "excluded_lines": []}, "GitManager.checkout": {"executed_lines": [70], "summary": {"covered_lines": 1, "num_statements": 1, "percent_covered": 100.0, "percent_covered_display": "100", "missing_lines": 0, "excluded_lines": 0}, "missing_lines": [], "excluded_lines": []}, "GitManager.push": {"executed_lines": [74], "summary": {"covered_lines": 1, "num_statements": 1, "percent_covered": 100.0, "percent_covered_display": "100", "missing_lines": 0, "excluded_lines": 0}, "missing_lines": [], "excluded_lines": []}, "GitManager.merge": {"executed_lines": [78, 79, 83], "summary": {"covered_lines": 3, "num_statements": 3, "percent_covered": 100.0, "percent_covered_display": "100", "missing_lines": 0, "excluded_lines": 0}, "missing_lines": [], "excluded_lines": []}, "GitManager.delete_branch": {"executed_lines": [87, 88, 89, 93], "summary": {"covered_lines": 4, "num_statements": 4, "percent_covered": 100.0, "percent_covered_display": "100", "missing_lines": 0, "excluded_lines": 0}, "missing_lines": [], "excluded_lines": []}, "GitManager.stash": {"executed_lines": [101], "summary": {"covered_lines": 1, "num_statements": 1, "percent_covered": 100.0, "percent_covered_display": "100", "missing_lines": 0, "excluded_lines": 0}, "missing_lines": [], "excluded_lines": []}, "GitManager.stash_pop": {"executed_lines": [105], "summary": {"covered_lines": 1, "num_statements": 1, "percent_covered": 100.0, "percent_covered_display": "100", "missing_lines": 0, "excluded_lines": 0}, "missing_lines": [], "excluded_lines": []}, "GitManager.stash_list": {"executed_lines": [113], "summary": {"covered_lines": 1, "num_statements": 1, "percent_covered": 100.0, "percent_covered_display": "100", "missing_lines": 0, "excluded_lines": 0}, "missing_lines": [], "excluded_lines": []}, "GitManager.get_current_branch": {"executed_lines": [121], "summary": {"covered_lines": 1, "num_statements": 1, "percent_covered": 100.0, "percent_covered_display": "100", "missing_lines": 0, "excluded_lines": 0}, "missing_lines": [], "excluded_lines": []}, "GitManager.list_branches": {"executed_lines": [133], "summary": {"covered_lines": 1, "num_statements": 1, "percent_covered": 100.0, "percent_covered_display": "100", "missing_lines": 0, "excluded_lines": 0}, "missing_lines": [], "excluded_lines": []}, "GitManager.compare_branches": {"executed_lines": [145], "summary": {"covered_lines": 1, "num_statements": 1, "percent_covered": 100.0, "percent_covered_display": "100", "missing_lines": 0, "excluded_lines": 0}, "missing_lines": [], "excluded_lines": []}, "GitManager.get_recent_commits": {"executed_lines": [156], "summary": {"covered_lines": 1, "num_statements": 1, "percent_covered": 100.0, "percent_covered_display": "100", "missing_lines": 0, "excluded_lines": 0}, "missing_lines": [], "excluded_lines": []}, "": {"executed_lines": [1, 2, 3, 5, 6, 9, 10, 12, 15, 19, 46, 63, 68, 72, 76, 85, 95, 103, 107, 115, 123, 135, 147], "summary": {"covered_lines": 21, "num_statements": 21, "percent_covered": 100.0, "percent_covered_display": "100", "missing_lines": 0, "excluded_lines": 0}, "missing_lines": [], "excluded_lines": []}}, "classes": {"GitManager": {"executed_lines": [13, 17, 22, 23, 28, 29, 34, 37, 38, 43, 44, 48, 49, 54, 60, 61, 65, 66, 70, 74, 78, 79, 83, 87, 88, 89, 93, 101, 105, 113, 121, 133, 145, 156], "summary": {"covered_lines": 34, "num_statements": 34, "percent_covered": 100.0, "percent_covered_display": "100", "missing_lines": 0, "excluded_lines": 0}, "missing_lines": [], "excluded_lines": []}, "": {"executed_lines": [1, 2, 3, 5, 6, 9, 10, 12, 15, 19, 46, 63, 68, 72, 76, 85, 95, 103, 107, 115, 123, 135, 147], "summary": {"covered_lines": 21, "num_statements": 21, "percent_covered": 100.0, "percent_covered_display": "100", "missing_lines": 0, "excluded_lines": 0}, "missing_lines": [], "excluded_lines": []}}}, "mcp_server\\managers\\github_manager.py": {"executed_lines": [1, 2, 4, 6, 13, 14, 16, 18, 20, 22, 24, 41, 50, 57, 64, 73, 80, 86, 88, 90, 96, 98, 100, 102, 108, 110, 112, 114, 121, 127, 129, 131, 133, 136, 147, 157, 159, 161, 168, 174, 176, 178, 185, 187, 194], "summary": {"covered_lines": 42, "num_statements": 42, "percent_covered": 100.0, "percent_covered_display": "100", "missing_lines": 0, "excluded_lines": 5}, "missing_lines": [], "excluded_lines": [6, 7, 8, 9, 10], "functions": {"GitHubManager.__init__": {"executed_lines": [18], "summary": {"covered_lines": 1, "num_statements": 1, "percent_covered": 100.0, "percent_covered_display": "100", "missing_lines": 0, "excluded_lines": 0}, "missing_lines": [], "excluded_lines": []}, "GitHubManager.get_issues_resource_data": {"executed_lines": [22, 24], "summary": {"covered_lines": 2, "num_statements": 2, "percent_covered": 100.0, "percent_covered_display": "100", "missing_lines": 0, "excluded_lines": 0}, "missing_lines": [], "excluded_lines": []}, "GitHubManager.create_issue": {"executed_lines": [50, 57], "summary": {"covered_lines": 2, "num_statements": 2, "percent_covered": 100.0, "percent_covered_display": "100", "missing_lines": 0, "excluded_lines": 0}, "missing_lines": [], "excluded_lines": []}, "GitHubManager.create_pr": {"executed_lines": [73, 80], "summary": {"covered_lines": 2, "num_statements": 2, "percent_covered": 100.0, "percent_covered_display": "100", "missing_lines": 0, "excluded_lines": 0}, "missing_lines": [], "excluded_lines": []}, "GitHubManager.add_labels": {"executed_lines": [88], "summary": {"covered_lines": 1, "num_statements": 1, "percent_covered": 100.0, "percent_covered_display": "100", "missing_lines": 0, "excluded_lines": 0}, "missing_lines": [], "excluded_lines": []}, "GitHubManager.list_issues": {"executed_lines": [96], "summary": {"covered_lines": 1, "num_statements": 1, "percent_covered": 100.0, "percent_covered_display": "100", "missing_lines": 0, "excluded_lines": 0}, "missing_lines": [], "excluded_lines": []}, "GitHubManager.get_issue": {"executed_lines": [100], "summary": {"covered_lines": 1, "num_statements": 1, "percent_covered": 100.0, "percent_covered_display": "100", "missing_lines": 0, "excluded_lines": 0}, "missing_lines": [], "excluded_lines": []}, "GitHubManager.close_issue": {"executed_lines": [108], "summary": {"covered_lines": 1, "num_statements": 1, "percent_covered": 100.0, "percent_covered_display": "100", "missing_lines": 0, "excluded_lines": 0}, "missing_lines": [], "excluded_lines": []}, "GitHubManager.list_labels": {"executed_lines": [112], "summary": {"covered_lines": 1, "num_statements": 1, "percent_covered": 100.0, "percent_covered_display": "100", "missing_lines": 0, "excluded_lines": 0}, "missing_lines": [], "excluded_lines": []}, "GitHubManager.create_label": {"executed_lines": [121], "summary": {"covered_lines": 1, "num_statements": 1, "percent_covered": 100.0, "percent_covered_display": "100", "missing_lines": 0, "excluded_lines": 0}, "missing_lines": [], "excluded_lines": []}, "GitHubManager.delete_label": {"executed_lines": [129], "summary": {"covered_lines": 1, "num_statements": 1, "percent_covered": 100.0, "percent_covered_display": "100", "missing_lines": 0, "excluded_lines": 0}, "missing_lines": [], "excluded_lines": []}, "GitHubManager.remove_labels": {"executed_lines": [133], "summary": {"covered_lines": 1, "num_statements": 1, "percent_covered": 100.0, "percent_covered_display": "100", "missing_lines": 0, "excluded_lines": 0}, "missing_lines": [], "excluded_lines": []}, "GitHubManager.update_issue": {"executed_lines": [147], "summary": {"covered_lines": 1, "num_statements": 1, "percent_covered": 100.0, "percent_covered_display": "100", "missing_lines": 0, "excluded_lines": 0}, "missing_lines": [], "excluded_lines": []}, "GitHubManager.list_milestones": {"executed_lines": [159], "summary": {"covered_lines": 1, "num_statements": 1, "percent_covered": 100.0, "percent_covered_display": "100", "missing_lines": 0, "excluded_lines": 0}, "missing_lines": [], "excluded_lines": []}, "GitHubManager.create_milestone": {"executed_lines": [168], "summary": {"covered_lines": 1, "num_statements": 1, "percent_covered": 100.0, "percent_covered_display": "100", "missing_lines": 0, "excluded_lines": 0}, "missing_lines": [], "excluded_lines": []}, "GitHubManager.close_milestone": {"executed_lines": [176], "summary": {"covered_lines": 1, "num_statements": 1, "percent_covered": 100.0, "percent_covered_display": "100", "missing_lines": 0, "excluded_lines": 0}, "missing_lines": [], "excluded_lines": []}, "GitHubManager.list_prs": {"executed_lines": [185], "summary": {"covered_lines": 1, "num_statements": 1, "percent_covered": 100.0, "percent_covered_display": "100", "missing_lines": 0, "excluded_lines": 0}, "missing_lines": [], "excluded_lines": []}, "GitHubManager.merge_pr": {"executed_lines": [194], "summary": {"covered_lines": 1, "num_statements": 1, "percent_covered": 100.0, "percent_covered_display": "100", "missing_lines": 0, "excluded_lines": 0}, "missing_lines": [], "excluded_lines": []}, "": {"executed_lines": [1, 2, 4, 6, 13, 14, 16, 20, 41, 64, 86, 90, 98, 102, 110, 114, 127, 131, 136, 157, 161, 174, 178, 187], "summary": {"covered_lines": 21, "num_statements": 21, "percent_covered": 100.0, "percent_covered_display": "100", "missing_lines": 0, "excluded_lines": 5}, "missing_lines": [], "excluded_lines": [6, 7, 8, 9, 10]}}, "classes": {"GitHubManager": {"executed_lines": [18, 22, 24, 50, 57, 73, 80, 88, 96, 100, 108, 112, 121, 129, 133, 147, 159, 168, 176, 185, 194], "summary": {"covered_lines": 21, "num_statements": 21, "percent_covered": 100.0, "percent_covered_display": "100", "missing_lines": 0, "excluded_lines": 0}, "missing_lines": [], "excluded_lines": []}, "": {"executed_lines": [1, 2, 4, 6, 13, 14, 16, 20, 41, 64, 86, 90, 98, 102, 110, 114, 127, 131, 136, 157, 161, 174, 178, 187], "summary": {"covered_lines": 21, "num_statements": 21, "percent_covered": 100.0, "percent_covered_display": "100", "missing_lines": 0, "excluded_lines": 5}, "missing_lines": [], "excluded_lines": [6, 7, 8, 9, 10]}}}, "mcp_server\\managers\\qa_manager.py": {"executed_lines": [1, 2, 3, 4, 5, 6, 9, 10, 12, 14, 20, 21, 22, 23, 30, 33, 34, 35, 36, 39, 40, 41, 42, 44, 46, 48, 50, 51, 57, 58, 59, 61, 63, 71, 73, 74, 82, 92, 93, 94, 96, 97, 98, 100, 104, 105, 106, 107, 109, 111, 113, 116, 118, 119, 120, 121, 129, 131, 134, 135, 136, 137, 140, 142, 150, 151, 152, 159, 169, 170, 171, 172, 174, 175, 176, 177, 178, 179, 180, 181, 183, 185, 187, 190, 192, 193, 194, 195, 202], "summary": {"covered_lines": 87, "num_statements": 91, "percent_covered": 95.6043956043956, "percent_covered_display": "96", "missing_lines": 4, "excluded_lines": 0}, "missing_lines": [101, 102, 103, 138], "excluded_lines": [], "functions": {"QAManager.run_quality_gates": {"executed_lines": [14, 20, 21, 22, 23, 30, 33, 34, 35, 36, 39, 40, 41, 42, 44], "summary": {"covered_lines": 15, "num_statements": 15, "percent_covered": 100.0, "percent_covered_display": "100", "missing_lines": 0, "excluded_lines": 0}, "missing_lines": [], "excluded_lines": []}, "QAManager.check_health": {"executed_lines": [48, 50, 51, 57, 58, 59], "summary": {"covered_lines": 6, "num_statements": 6, "percent_covered": 100.0, "percent_covered_display": "100", "missing_lines": 0, "excluded_lines": 0}, "missing_lines": [], "excluded_lines": []}, "QAManager._run_pylint": {"executed_lines": [63, 71, 73, 74, 82, 92, 93, 94, 96, 97, 98, 100, 104, 105, 106, 107, 109], "summary": {"covered_lines": 17, "num_statements": 20, "percent_covered": 85.0, "percent_covered_display": "85", "missing_lines": 3, "excluded_lines": 0}, "missing_lines": [101, 102, 103], "excluded_lines": []}, "QAManager._parse_pylint_output": {"executed_lines": [113, 116, 118, 119, 120, 121, 129], "summary": {"covered_lines": 7, "num_statements": 7, "percent_covered": 100.0, "percent_covered_display": "100", "missing_lines": 0, "excluded_lines": 0}, "missing_lines": [], "excluded_lines": []}, "QAManager._extract_pylint_score": {"executed_lines": [134, 135, 136, 137], "summary": {"covered_lines": 4, "num_statements": 5, "percent_covered": 80.0, "percent_covered_display": "80", "missing_lines": 1, "excluded_lines": 0}, "missing_lines": [138], "excluded_lines": []}, "QAManager._run_mypy": {"executed_lines": [142, 150, 151, 152, 159, 169, 170, 171, 172, 174, 175, 176, 177, 178, 179, 180, 181, 183], "summary": {"covered_lines": 18, "num_statements": 18, "percent_covered": 100.0, "percent_covered_display": "100", "missing_lines": 0, "excluded_lines": 0}, "missing_lines": [], "excluded_lines": []}, "QAManager._parse_mypy_output": {"executed_lines": [187, 190, 192, 193, 194, 195, 202], "summary": {"covered_lines": 7, "num_statements": 7, "percent_covered": 100.0, "percent_covered_display": "100", "missing_lines": 0, "excluded_lines": 0}, "missing_lines": [], "excluded_lines": []}, "": {"executed_lines": [1, 2, 3, 4, 5, 6, 9, 10, 12, 46, 61, 111, 131, 140, 185], "summary": {"covered_lines": 13, "num_statements": 13, "percent_covered": 100.0, "percent_covered_display": "100", "missing_lines": 0, "excluded_lines": 0}, "missing_lines": [], "excluded_lines": []}}, "classes": {"QAManager": {"executed_lines": [14, 20, 21, 22, 23, 30, 33, 34, 35, 36, 39, 40, 41, 42, 44, 48, 50, 51, 57, 58, 59, 63, 71, 73, 74, 82, 92, 93, 94, 96, 97, 98, 100, 104, 105, 106, 107, 109, 113, 116, 118, 119, 120, 121, 129, 134, 135, 136, 137, 142, 150, 151, 152, 159, 169, 170, 171, 172, 174, 175, 176, 177, 178, 179, 180, 181, 183, 187, 190, 192, 193, 194, 195, 202], "summary": {"covered_lines": 74, "num_statements": 78, "percent_covered": 94.87179487179488, "percent_covered_display": "95", "missing_lines": 4, "excluded_lines": 0}, "missing_lines": [101, 102, 103, 138], "excluded_lines": []}, "": {"executed_lines": [1, 2, 3, 4, 5, 6, 9, 10, 12, 46, 61, 111, 131, 140, 185], "summary": {"covered_lines": 13, "num_statements": 13, "percent_covered": 100.0, "percent_covered_display": "100", "missing_lines": 0, "excluded_lines": 0}, "missing_lines": [], "excluded_lines": []}}}, "mcp_server\\managers\\scaffold_manager.py": {"executed_lines": [2, 4, 5, 6, 7, 9, 11, 12, 15, 16, 26, 32, 33, 36, 38, 40, 41, 43, 44, 50, 52, 64, 65, 66, 67, 72, 78, 79, 80, 81, 82, 84, 94, 95, 97, 106, 107, 112, 166, 169, 171, 172, 174, 175, 176, 191, 193, 195, 202, 214, 215, 216, 218, 220, 221, 223, 224, 226, 269, 271, 273, 274, 275, 289, 290, 294, 302, 303, 304, 306, 331, 333, 334, 336, 337, 338, 339, 340, 342, 379, 381, 383, 384, 385, 395, 396, 398, 404, 418, 419, 426, 428, 472, 473, 474, 477, 479, 480, 494, 495, 497, 499, 518, 548, 549, 559, 560, 562, 564, 592, 651, 652, 670, 671, 675, 684, 690, 691, 693, 695, 696, 698, 699, 701, 703, 713, 715, 733, 734, 736, 744, 764, 766, 775, 793, 795, 803, 821, 823, 831, 851, 852, 854, 860, 862, 870, 879, 882, 902, 904, 905, 910, 912, 913, 915, 921, 954, 969, 1006, 1022, 1054], "summary": {"covered_lines": 159, "num_statements": 159, "percent_covered": 100.0, "percent_covered_display": "100", "missing_lines": 0, "excluded_lines": 0}, "missing_lines": [], "excluded_lines": [], "functions": {"ScaffoldManager.__init__": {"executed_lines": [32, 33, 36, 38], "summary": {"covered_lines": 4, "num_statements": 4, "percent_covered": 100.0, "percent_covered_display": "100", "missing_lines": 0, "excluded_lines": 0}, "missing_lines": [], "excluded_lines": []}, "ScaffoldManager.env": {"executed_lines": [43, 44, 50], "summary": {"covered_lines": 3, "num_statements": 3, "percent_covered": 100.0, "percent_covered_display": "100", "missing_lines": 0, "excluded_lines": 0}, "missing_lines": [], "excluded_lines": []}, "ScaffoldManager.get_template": {"executed_lines": [64, 65, 66, 67], "summary": {"covered_lines": 4, "num_statements": 4, "percent_covered": 100.0, "percent_covered_display": "100", "missing_lines": 0, "excluded_lines": 0}, "missing_lines": [], "excluded_lines": []}, "ScaffoldManager.list_templates": {"executed_lines": [78, 79, 80, 81, 82], "summary": {"covered_lines": 5, "num_statements": 5, "percent_covered": 100.0, "percent_covered_display": "100", "missing_lines": 0, "excluded_lines": 0}, "missing_lines": [], "excluded_lines": []}, "ScaffoldManager._render": {"executed_lines": [94, 95], "summary": {"covered_lines": 2, "num_statements": 2, "percent_covered": 100.0, "percent_covered_display": "100", "missing_lines": 0, "excluded_lines": 0}, "missing_lines": [], "excluded_lines": []}, "ScaffoldManager._validate_pascal_case": {"executed_lines": [106, 107], "summary": {"covered_lines": 2, "num_statements": 2, "percent_covered": 100.0, "percent_covered_display": "100", "missing_lines": 0, "excluded_lines": 0}, "missing_lines": [], "excluded_lines": []}, "ScaffoldManager.render_dto": {"executed_lines": [166, 169, 171, 172, 174, 175, 176, 191, 193], "summary": {"covered_lines": 9, "num_statements": 9, "percent_covered": 100.0, "percent_covered_display": "100", "missing_lines": 0, "excluded_lines": 0}, "missing_lines": [], "excluded_lines": []}, "ScaffoldManager._render_dto_fallback": {"executed_lines": [202, 214, 215, 216, 218, 220, 221, 223, 224], "summary": {"covered_lines": 9, "num_statements": 9, "percent_covered": 100.0, "percent_covered_display": "100", "missing_lines": 0, "excluded_lines": 0}, "missing_lines": [], "excluded_lines": []}, "ScaffoldManager.render_worker": {"executed_lines": [269, 271, 273, 274, 275, 289, 290], "summary": {"covered_lines": 7, "num_statements": 7, "percent_covered": 100.0, "percent_covered_display": "100", "missing_lines": 0, "excluded_lines": 0}, "missing_lines": [], "excluded_lines": []}, "ScaffoldManager._render_worker_fallback": {"executed_lines": [302, 303, 304, 306], "summary": {"covered_lines": 4, "num_statements": 4, "percent_covered": 100.0, "percent_covered_display": "100", "missing_lines": 0, "excluded_lines": 0}, "missing_lines": [], "excluded_lines": []}, "ScaffoldManager._render_dep_assignments": {"executed_lines": [333, 334, 336, 337, 338, 339, 340], "summary": {"covered_lines": 7, "num_statements": 7, "percent_covered": 100.0, "percent_covered_display": "100", "missing_lines": 0, "excluded_lines": 0}, "missing_lines": [], "excluded_lines": []}, "ScaffoldManager.render_adapter": {"executed_lines": [379, 381, 383, 384, 385, 395, 396], "summary": {"covered_lines": 7, "num_statements": 7, "percent_covered": 100.0, "percent_covered_display": "100", "missing_lines": 0, "excluded_lines": 0}, "missing_lines": [], "excluded_lines": []}, "ScaffoldManager._render_adapter_fallback": {"executed_lines": [404, 418, 419, 426], "summary": {"covered_lines": 4, "num_statements": 4, "percent_covered": 100.0, "percent_covered_display": "100", "missing_lines": 0, "excluded_lines": 0}, "missing_lines": [], "excluded_lines": []}, "ScaffoldManager.render_dto_test": {"executed_lines": [472, 473, 474, 477, 479, 480, 494, 495], "summary": {"covered_lines": 8, "num_statements": 8, "percent_covered": 100.0, "percent_covered_display": "100", "missing_lines": 0, "excluded_lines": 0}, "missing_lines": [], "excluded_lines": []}, "ScaffoldManager._render_dto_test_fallback": {"executed_lines": [499], "summary": {"covered_lines": 1, "num_statements": 1, "percent_covered": 100.0, "percent_covered_display": "100", "missing_lines": 0, "excluded_lines": 0}, "missing_lines": [], "excluded_lines": []}, "ScaffoldManager.render_worker_test": {"executed_lines": [548, 549, 559, 560], "summary": {"covered_lines": 4, "num_statements": 4, "percent_covered": 100.0, "percent_covered_display": "100", "missing_lines": 0, "excluded_lines": 0}, "missing_lines": [], "excluded_lines": []}, "ScaffoldManager._render_worker_test_fallback": {"executed_lines": [564], "summary": {"covered_lines": 1, "num_statements": 1, "percent_covered": 100.0, "percent_covered_display": "100", "missing_lines": 0, "excluded_lines": 0}, "missing_lines": [], "excluded_lines": []}, "ScaffoldManager.render_design_doc": {"executed_lines": [651, 652, 670, 671], "summary": {"covered_lines": 4, "num_statements": 4, "percent_covered": 100.0, "percent_covered_display": "100", "missing_lines": 0, "excluded_lines": 0}, "missing_lines": [], "excluded_lines": []}, "ScaffoldManager._render_design_doc_fallback": {"executed_lines": [684, 690, 691, 693, 695, 696, 698, 699, 701], "summary": {"covered_lines": 9, "num_statements": 9, "percent_covered": 100.0, "percent_covered_display": "100", "missing_lines": 0, "excluded_lines": 0}, "missing_lines": [], "excluded_lines": []}, "ScaffoldManager.render_generic": {"executed_lines": [713], "summary": {"covered_lines": 1, "num_statements": 1, "percent_covered": 100.0, "percent_covered_display": "100", "missing_lines": 0, "excluded_lines": 0}, "missing_lines": [], "excluded_lines": []}, "ScaffoldManager.render_tool": {"executed_lines": [733, 734, 736], "summary": {"covered_lines": 3, "num_statements": 3, "percent_covered": 100.0, "percent_covered_display": "100", "missing_lines": 0, "excluded_lines": 0}, "missing_lines": [], "excluded_lines": []}, "ScaffoldManager.render_resource": {"executed_lines": [764, 766], "summary": {"covered_lines": 2, "num_statements": 2, "percent_covered": 100.0, "percent_covered_display": "100", "missing_lines": 0, "excluded_lines": 0}, "missing_lines": [], "excluded_lines": []}, "ScaffoldManager.render_schema": {"executed_lines": [793, 795], "summary": {"covered_lines": 2, "num_statements": 2, "percent_covered": 100.0, "percent_covered_display": "100", "missing_lines": 0, "excluded_lines": 0}, "missing_lines": [], "excluded_lines": []}, "ScaffoldManager.render_interface": {"executed_lines": [821, 823], "summary": {"covered_lines": 2, "num_statements": 2, "percent_covered": 100.0, "percent_covered_display": "100", "missing_lines": 0, "excluded_lines": 0}, "missing_lines": [], "excluded_lines": []}, "ScaffoldManager.render_service": {"executed_lines": [851, 852, 854, 860, 862], "summary": {"covered_lines": 5, "num_statements": 5, "percent_covered": 100.0, "percent_covered_display": "100", "missing_lines": 0, "excluded_lines": 0}, "missing_lines": [], "excluded_lines": []}, "ScaffoldManager.render_generic_doc": {"executed_lines": [879], "summary": {"covered_lines": 1, "num_statements": 1, "percent_covered": 100.0, "percent_covered_display": "100", "missing_lines": 0, "excluded_lines": 0}, "missing_lines": [], "excluded_lines": []}, "ScaffoldManager.write_file": {"executed_lines": [902, 904, 905, 910, 912, 913, 915], "summary": {"covered_lines": 7, "num_statements": 7, "percent_covered": 100.0, "percent_covered_display": "100", "missing_lines": 0, "excluded_lines": 0}, "missing_lines": [], "excluded_lines": []}, "ScaffoldManager.render_architecture_doc": {"executed_lines": [954], "summary": {"covered_lines": 1, "num_statements": 1, "percent_covered": 100.0, "percent_covered_display": "100", "missing_lines": 0, "excluded_lines": 0}, "missing_lines": [], "excluded_lines": []}, "ScaffoldManager.render_reference_doc": {"executed_lines": [1006], "summary": {"covered_lines": 1, "num_statements": 1, "percent_covered": 100.0, "percent_covered_display": "100", "missing_lines": 0, "excluded_lines": 0}, "missing_lines": [], "excluded_lines": []}, "ScaffoldManager.render_tracking_doc": {"executed_lines": [1054], "summary": {"covered_lines": 1, "num_statements": 1, "percent_covered": 100.0, "percent_covered_display": "100", "missing_lines": 0, "excluded_lines": 0}, "missing_lines": [], "excluded_lines": []}, "": {"executed_lines": [2, 4, 5, 6, 7, 9, 11, 12, 15, 16, 26, 40, 41, 52, 72, 84, 97, 112, 195, 226, 294, 331, 342, 398, 428, 497, 518, 562, 592, 675, 703, 715, 744, 775, 803, 831, 870, 882, 921, 969, 1022], "summary": {"covered_lines": 39, "num_statements": 39, "percent_covered": 100.0, "percent_covered_display": "100", "missing_lines": 0, "excluded_lines": 0}, "missing_lines": [], "excluded_lines": []}}, "classes": {"ScaffoldManager": {"executed_lines": [32, 33, 36, 38, 43, 44, 50, 64, 65, 66, 67, 78, 79, 80, 81, 82, 94, 95, 106, 107, 166, 169, 171, 172, 174, 175, 176, 191, 193, 202, 214, 215, 216, 218, 220, 221, 223, 224, 269, 271, 273, 274, 275, 289, 290, 302, 303, 304, 306, 333, 334, 336, 337, 338, 339, 340, 379, 381, 383, 384, 385, 395, 396, 404, 418, 419, 426, 472, 473, 474, 477, 479, 480, 494, 495, 499, 548, 549, 559, 560, 564, 651, 652, 670, 671, 684, 690, 691, 693, 695, 696, 698, 699, 701, 713, 733, 734, 736, 764, 766, 793, 795, 821, 823, 851, 852, 854, 860, 862, 879, 902, 904, 905, 910, 912, 913, 915, 954, 1006, 1054], "summary": {"covered_lines": 120, "num_statements": 120, "percent_covered": 100.0, "percent_covered_display": "100", "missing_lines": 0, "excluded_lines": 0}, "missing_lines": [], "excluded_lines": []}, "": {"executed_lines": [2, 4, 5, 6, 7, 9, 11, 12, 15, 16, 26, 40, 41, 52, 72, 84, 97, 112, 195, 226, 294, 331, 342, 398, 428, 497, 518, 562, 592, 675, 703, 715, 744, 775, 803, 831, 870, 882, 921, 969, 1022], "summary": {"covered_lines": 39, "num_statements": 39, "percent_covered": 100.0, "percent_covered_display": "100", "missing_lines": 0, "excluded_lines": 0}, "missing_lines": [], "excluded_lines": []}}}, "mcp_server\\resources\\__init__.py": {"executed_lines": [0], "summary": {"covered_lines": 0, "num_statements": 0, "percent_covered": 100.0, "percent_covered_display": "100", "missing_lines": 0, "excluded_lines": 0}, "missing_lines": [], "excluded_lines": [], "functions": {"": {"executed_lines": [], "summary": {"covered_lines": 0, "num_statements": 0, "percent_covered": 100.0, "percent_covered_display": "100", "missing_lines": 0, "excluded_lines": 0}, "missing_lines": [], "excluded_lines": []}}, "classes": {"": {"executed_lines": [], "summary": {"covered_lines": 0, "num_statements": 0, "percent_covered": 100.0, "percent_covered_display": "100", "missing_lines": 0, "excluded_lines": 0}, "missing_lines": [], "excluded_lines": []}}}, "mcp_server\\resources\\base.py": {"executed_lines": [1, 2, 5, 6, 8, 9, 10, 12, 13, 16, 19], "summary": {"covered_lines": 9, "num_statements": 9, "percent_covered": 100.0, "percent_covered_display": "100", "missing_lines": 0, "excluded_lines": 0}, "missing_lines": [], "excluded_lines": [], "functions": {"BaseResource.read": {"executed_lines": [], "summary": {"covered_lines": 0, "num_statements": 0, "percent_covered": 100.0, "percent_covered_display": "100", "missing_lines": 0, "excluded_lines": 0}, "missing_lines": [], "excluded_lines": []}, "BaseResource.matches": {"executed_lines": [19], "summary": {"covered_lines": 1, "num_statements": 1, "percent_covered": 100.0, "percent_covered_display": "100", "missing_lines": 0, "excluded_lines": 0}, "missing_lines": [], "excluded_lines": []}, "": {"executed_lines": [1, 2, 5, 6, 8, 9, 10, 12, 13, 16], "summary": {"covered_lines": 8, "num_statements": 8, "percent_covered": 100.0, "percent_covered_display": "100", "missing_lines": 0, "excluded_lines": 0}, "missing_lines": [], "excluded_lines": []}}, "classes": {"BaseResource": {"executed_lines": [19], "summary": {"covered_lines": 1, "num_statements": 1, "percent_covered": 100.0, "percent_covered_display": "100", "missing_lines": 0, "excluded_lines": 0}, "missing_lines": [], "excluded_lines": []}, "": {"executed_lines": [1, 2, 5, 6, 8, 9, 10, 12, 13, 16], "summary": {"covered_lines": 8, "num_statements": 8, "percent_covered": 100.0, "percent_covered_display": "100", "missing_lines": 0, "excluded_lines": 0}, "missing_lines": [], "excluded_lines": []}}}, "mcp_server\\resources\\github.py": {"executed_lines": [1, 2, 4, 5, 8, 9, 11, 12, 14, 15, 17], "summary": {"covered_lines": 9, "num_statements": 11, "percent_covered": 81.81818181818181, "percent_covered_display": "82", "missing_lines": 2, "excluded_lines": 0}, "missing_lines": [19, 20], "excluded_lines": [], "functions": {"GitHubIssuesResource.__init__": {"executed_lines": [15], "summary": {"covered_lines": 1, "num_statements": 1, "percent_covered": 100.0, "percent_covered_display": "100", "missing_lines": 0, "excluded_lines": 0}, "missing_lines": [], "excluded_lines": []}, "GitHubIssuesResource.read": {"executed_lines": [], "summary": {"covered_lines": 0, "num_statements": 2, "percent_covered": 0.0, "percent_covered_display": "0", "missing_lines": 2, "excluded_lines": 0}, "missing_lines": [19, 20], "excluded_lines": []}, "": {"executed_lines": [1, 2, 4, 5, 8, 9, 11, 12, 14, 17], "summary": {"covered_lines": 8, "num_statements": 8, "percent_covered": 100.0, "percent_covered_display": "100", "missing_lines": 0, "excluded_lines": 0}, "missing_lines": [], "excluded_lines": []}}, "classes": {"GitHubIssuesResource": {"executed_lines": [15], "summary": {"covered_lines": 1, "num_statements": 3, "percent_covered": 33.333333333333336, "percent_covered_display": "33", "missing_lines": 2, "excluded_lines": 0}, "missing_lines": [19, 20], "excluded_lines": []}, "": {"executed_lines": [1, 2, 4, 5, 8, 9, 11, 12, 14, 17], "summary": {"covered_lines": 8, "num_statements": 8, "percent_covered": 100.0, "percent_covered_display": "100", "missing_lines": 0, "excluded_lines": 0}, "missing_lines": [], "excluded_lines": []}}}, "mcp_server\\resources\\standards.py": {"executed_lines": [1, 2, 4, 7, 8, 10, 11, 13, 18, 35], "summary": {"covered_lines": 8, "num_statements": 8, "percent_covered": 100.0, "percent_covered_display": "100", "missing_lines": 0, "excluded_lines": 0}, "missing_lines": [], "excluded_lines": [], "functions": {"StandardsResource.read": {"executed_lines": [18, 35], "summary": {"covered_lines": 2, "num_statements": 2, "percent_covered": 100.0, "percent_covered_display": "100", "missing_lines": 0, "excluded_lines": 0}, "missing_lines": [], "excluded_lines": []}, "": {"executed_lines": [1, 2, 4, 7, 8, 10, 11, 13], "summary": {"covered_lines": 6, "num_statements": 6, "percent_covered": 100.0, "percent_covered_display": "100", "missing_lines": 0, "excluded_lines": 0}, "missing_lines": [], "excluded_lines": []}}, "classes": {"StandardsResource": {"executed_lines": [18, 35], "summary": {"covered_lines": 2, "num_statements": 2, "percent_covered": 100.0, "percent_covered_display": "100", "missing_lines": 0, "excluded_lines": 0}, "missing_lines": [], "excluded_lines": []}, "": {"executed_lines": [1, 2, 4, 7, 8, 10, 11, 13], "summary": {"covered_lines": 6, "num_statements": 6, "percent_covered": 100.0, "percent_covered_display": "100", "missing_lines": 0, "excluded_lines": 0}, "missing_lines": [], "excluded_lines": []}}}, "mcp_server\\resources\\status.py": {"executed_lines": [1, 2, 3, 5, 6, 7, 10, 11, 13, 14, 16, 17, 19, 21, 22, 25, 26, 27, 29, 32, 38], "summary": {"covered_lines": 19, "num_statements": 23, "percent_covered": 82.6086956521739, "percent_covered_display": "83", "missing_lines": 4, "excluded_lines": 0}, "missing_lines": [28, 30, 40, 41], "excluded_lines": [], "functions": {"StatusResource.__init__": {"executed_lines": [17], "summary": {"covered_lines": 1, "num_statements": 1, "percent_covered": 100.0, "percent_covered_display": "100", "missing_lines": 0, "excluded_lines": 0}, "missing_lines": [], "excluded_lines": []}, "StatusResource.read": {"executed_lines": [21, 22, 25, 26, 27, 29, 32, 38], "summary": {"covered_lines": 8, "num_statements": 12, "percent_covered": 66.66666666666667, "percent_covered_display": "67", "missing_lines": 4, "excluded_lines": 0}, "missing_lines": [28, 30, 40, 41], "excluded_lines": []}, "": {"executed_lines": [1, 2, 3, 5, 6, 7, 10, 11, 13, 14, 16, 19], "summary": {"covered_lines": 10, "num_statements": 10, "percent_covered": 100.0, "percent_covered_display": "100", "missing_lines": 0, "excluded_lines": 0}, "missing_lines": [], "excluded_lines": []}}, "classes": {"StatusResource": {"executed_lines": [17, 21, 22, 25, 26, 27, 29, 32, 38], "summary": {"covered_lines": 9, "num_statements": 13, "percent_covered": 69.23076923076923, "percent_covered_display": "69", "missing_lines": 4, "excluded_lines": 0}, "missing_lines": [28, 30, 40, 41], "excluded_lines": []}, "": {"executed_lines": [1, 2, 3, 5, 6, 7, 10, 11, 13, 14, 16, 19], "summary": {"covered_lines": 10, "num_statements": 10, "percent_covered": 100.0, "percent_covered_display": "100", "missing_lines": 0, "excluded_lines": 0}, "missing_lines": [], "excluded_lines": []}}}, "mcp_server\\resources\\templates.py": {"executed_lines": [1, 2, 4, 5, 8, 9, 11, 12, 14], "summary": {"covered_lines": 7, "num_statements": 8, "percent_covered": 87.5, "percent_covered_display": "88", "missing_lines": 1, "excluded_lines": 0}, "missing_lines": [15], "excluded_lines": [], "functions": {"TemplatesResource.read": {"executed_lines": [], "summary": {"covered_lines": 0, "num_statements": 1, "percent_covered": 0.0, "percent_covered_display": "0", "missing_lines": 1, "excluded_lines": 0}, "missing_lines": [15], "excluded_lines": []}, "": {"executed_lines": [1, 2, 4, 5, 8, 9, 11, 12, 14], "summary": {"covered_lines": 7, "num_statements": 7, "percent_covered": 100.0, "percent_covered_display": "100", "missing_lines": 0, "excluded_lines": 0}, "missing_lines": [], "excluded_lines": []}}, "classes": {"TemplatesResource": {"executed_lines": [], "summary": {"covered_lines": 0, "num_statements": 1, "percent_covered": 0.0, "percent_covered_display": "0", "missing_lines": 1, "excluded_lines": 0}, "missing_lines": [15], "excluded_lines": []}, "": {"executed_lines": [1, 2, 4, 5, 8, 9, 11, 12, 14], "summary": {"covered_lines": 7, "num_statements": 7, "percent_covered": 100.0, "percent_covered_display": "100", "missing_lines": 0, "excluded_lines": 0}, "missing_lines": [], "excluded_lines": []}}}, "mcp_server\\server.py": {"executed_lines": [1, 3, 4, 5, 6, 8, 9, 11, 12, 13, 21, 22, 23, 26, 27, 28, 29, 30, 31, 32, 42, 43, 46, 53, 60, 65, 66, 67, 68, 69, 70, 71, 74, 75, 78, 79, 81, 83, 84, 87, 94, 132, 133, 134, 135, 149, 151, 156, 158, 161, 162, 173, 174, 180, 181, 191, 192, 248, 267, 273], "summary": {"covered_lines": 58, "num_statements": 92, "percent_covered": 63.04347826086956, "percent_covered_display": "63", "missing_lines": 34, "excluded_lines": 0}, "missing_lines": [163, 175, 176, 177, 178, 182, 196, 197, 198, 200, 203, 204, 215, 217, 220, 221, 222, 225, 226, 231, 232, 236, 237, 238, 241, 246, 250, 251, 257, 259, 260, 269, 270, 274], "excluded_lines": [], "functions": {"MCPServer.__init__": {"executed_lines": [83, 84, 87, 94, 132, 133, 134, 135, 149, 151, 156], "summary": {"covered_lines": 11, "num_statements": 11, "percent_covered": 100.0, "percent_covered_display": "100", "missing_lines": 0, "excluded_lines": 0}, "missing_lines": [], "excluded_lines": []}, "MCPServer.setup_handlers": {"executed_lines": [161, 162, 173, 174, 180, 181, 191, 192], "summary": {"covered_lines": 8, "num_statements": 8, "percent_covered": 100.0, "percent_covered_display": "100", "missing_lines": 0, "excluded_lines": 0}, "missing_lines": [], "excluded_lines": []}, "MCPServer.setup_handlers.handle_list_resources": {"executed_lines": [], "summary": {"covered_lines": 0, "num_statements": 1, "percent_covered": 0.0, "percent_covered_display": "0", "missing_lines": 1, "excluded_lines": 0}, "missing_lines": [163], "excluded_lines": []}, "MCPServer.setup_handlers.handle_read_resource": {"executed_lines": [], "summary": {"covered_lines": 0, "num_statements": 4, "percent_covered": 0.0, "percent_covered_display": "0", "missing_lines": 4, "excluded_lines": 0}, "missing_lines": [175, 176, 177, 178], "excluded_lines": []}, "MCPServer.setup_handlers.handle_list_tools": {"executed_lines": [], "summary": {"covered_lines": 0, "num_statements": 1, "percent_covered": 0.0, "percent_covered_display": "0", "missing_lines": 1, "excluded_lines": 0}, "missing_lines": [182], "excluded_lines": []}, "MCPServer.setup_handlers.handle_call_tool": {"executed_lines": [], "summary": {"covered_lines": 0, "num_statements": 20, "percent_covered": 0.0, "percent_covered_display": "0", "missing_lines": 20, "excluded_lines": 0}, "missing_lines": [196, 197, 198, 200, 203, 204, 215, 217, 220, 221, 222, 225, 226, 231, 232, 236, 237, 238, 241, 246], "excluded_lines": []}, "MCPServer.run": {"executed_lines": [], "summary": {"covered_lines": 0, "num_statements": 5, "percent_covered": 0.0, "percent_covered_display": "0", "missing_lines": 5, "excluded_lines": 0}, "missing_lines": [250, 251, 257, 259, 260], "excluded_lines": []}, "main": {"executed_lines": [], "summary": {"covered_lines": 0, "num_statements": 2, "percent_covered": 0.0, "percent_covered_display": "0", "missing_lines": 2, "excluded_lines": 0}, "missing_lines": [269, 270], "excluded_lines": []}, "": {"executed_lines": [1, 3, 4, 5, 6, 8, 9, 11, 12, 13, 21, 22, 23, 26, 27, 28, 29, 30, 31, 32, 42, 43, 46, 53, 60, 65, 66, 67, 68, 69, 70, 71, 74, 75, 78, 79, 81, 158, 248, 267, 273], "summary": {"covered_lines": 39, "num_statements": 40, "percent_covered": 97.5, "percent_covered_display": "98", "missing_lines": 1, "excluded_lines": 0}, "missing_lines": [274], "excluded_lines": []}}, "classes": {"MCPServer": {"executed_lines": [83, 84, 87, 94, 132, 133, 134, 135, 149, 151, 156, 161, 162, 173, 174, 180, 181, 191, 192], "summary": {"covered_lines": 19, "num_statements": 50, "percent_covered": 38.0, "percent_covered_display": "38", "missing_lines": 31, "excluded_lines": 0}, "missing_lines": [163, 175, 176, 177, 178, 182, 196, 197, 198, 200, 203, 204, 215, 217, 220, 221, 222, 225, 226, 231, 232, 236, 237, 238, 241, 246, 250, 251, 257, 259, 260], "excluded_lines": []}, "": {"executed_lines": [1, 3, 4, 5, 6, 8, 9, 11, 12, 13, 21, 22, 23, 26, 27, 28, 29, 30, 31, 32, 42, 43, 46, 53, 60, 65, 66, 67, 68, 69, 70, 71, 74, 75, 78, 79, 81, 158, 248, 267, 273], "summary": {"covered_lines": 39, "num_statements": 42, "percent_covered": 92.85714285714286, "percent_covered_display": "93", "missing_lines": 3, "excluded_lines": 0}, "missing_lines": [269, 270, 274], "excluded_lines": []}}}, "mcp_server\\state\\__init__.py": {"executed_lines": [], "summary": {"covered_lines": 0, "num_statements": 0, "percent_covered": 100.0, "percent_covered_display": "100", "missing_lines": 0, "excluded_lines": 0}, "missing_lines": [], "excluded_lines": [], "functions": {"": {"executed_lines": [], "summary": {"covered_lines": 0, "num_statements": 0, "percent_covered": 100.0, "percent_covered_display": "100", "missing_lines": 0, "excluded_lines": 0}, "missing_lines": [], "excluded_lines": []}}, "classes": {"": {"executed_lines": [], "summary": {"covered_lines": 0, "num_statements": 0, "percent_covered": 100.0, "percent_covered_display": "100", "missing_lines": 0, "excluded_lines": 0}, "missing_lines": [], "excluded_lines": []}}}, "mcp_server\\state\\context.py": {"executed_lines": [], "summary": {"covered_lines": 0, "num_statements": 12, "percent_covered": 0.0, "percent_covered_display": "0", "missing_lines": 12, "excluded_lines": 0}, "missing_lines": [2, 4, 7, 9, 10, 11, 13, 15, 17, 19, 20, 23], "excluded_lines": [], "functions": {"SessionContext.set_task": {"executed_lines": [], "summary": {"covered_lines": 0, "num_statements": 1, "percent_covered": 0.0, "percent_covered_display": "0", "missing_lines": 1, "excluded_lines": 0}, "missing_lines": [15], "excluded_lines": []}, "SessionContext.add_file": {"executed_lines": [], "summary": {"covered_lines": 0, "num_statements": 2, "percent_covered": 0.0, "percent_covered_display": "0", "missing_lines": 2, "excluded_lines": 0}, "missing_lines": [19, 20], "excluded_lines": []}, "": {"executed_lines": [], "summary": {"covered_lines": 0, "num_statements": 9, "percent_covered": 0.0, "percent_covered_display": "0", "missing_lines": 9, "excluded_lines": 0}, "missing_lines": [2, 4, 7, 9, 10, 11, 13, 17, 23], "excluded_lines": []}}, "classes": {"SessionContext": {"executed_lines": [], "summary": {"covered_lines": 0, "num_statements": 3, "percent_covered": 0.0, "percent_covered_display": "0", "missing_lines": 3, "excluded_lines": 0}, "missing_lines": [15, 19, 20], "excluded_lines": []}, "": {"executed_lines": [], "summary": {"covered_lines": 0, "num_statements": 9, "percent_covered": 0.0, "percent_covered_display": "0", "missing_lines": 9, "excluded_lines": 0}, "missing_lines": [2, 4, 7, 9, 10, 11, 13, 17, 23], "excluded_lines": []}}}, "mcp_server\\tools\\__init__.py": {"executed_lines": [0], "summary": {"covered_lines": 0, "num_statements": 0, "percent_covered": 100.0, "percent_covered_display": "100", "missing_lines": 0, "excluded_lines": 0}, "missing_lines": [], "excluded_lines": [], "functions": {"": {"executed_lines": [], "summary": {"covered_lines": 0, "num_statements": 0, "percent_covered": 100.0, "percent_covered_display": "100", "missing_lines": 0, "excluded_lines": 0}, "missing_lines": [], "excluded_lines": []}}, "classes": {"": {"executed_lines": [], "summary": {"covered_lines": 0, "num_statements": 0, "percent_covered": 100.0, "percent_covered_display": "100", "missing_lines": 0, "excluded_lines": 0}, "missing_lines": [], "excluded_lines": []}}}, "mcp_server\\tools\\base.py": {"executed_lines": [1, 2, 3, 5, 8, 9, 11, 12, 14, 15, 17, 19, 20, 22, 25, 26, 32, 33, 34, 36, 37, 44, 45, 48, 51], "summary": {"covered_lines": 22, "num_statements": 23, "percent_covered": 95.65217391304348, "percent_covered_display": "96", "missing_lines": 1, "excluded_lines": 0}, "missing_lines": [49], "excluded_lines": [], "functions": {"ToolResult.text": {"executed_lines": [17], "summary": {"covered_lines": 1, "num_statements": 1, "percent_covered": 100.0, "percent_covered_display": "100", "missing_lines": 0, "excluded_lines": 0}, "missing_lines": [], "excluded_lines": []}, "ToolResult.error": {"executed_lines": [22], "summary": {"covered_lines": 1, "num_statements": 1, "percent_covered": 100.0, "percent_covered_display": "100", "missing_lines": 0, "excluded_lines": 0}, "missing_lines": [], "excluded_lines": []}, "BaseTool.execute": {"executed_lines": [], "summary": {"covered_lines": 0, "num_statements": 0, "percent_covered": 100.0, "percent_covered_display": "100", "missing_lines": 0, "excluded_lines": 0}, "missing_lines": [], "excluded_lines": []}, "BaseTool.input_schema": {"executed_lines": [48, 51], "summary": {"covered_lines": 2, "num_statements": 3, "percent_covered": 66.66666666666667, "percent_covered_display": "67", "missing_lines": 1, "excluded_lines": 0}, "missing_lines": [49], "excluded_lines": []}, "": {"executed_lines": [1, 2, 3, 5, 8, 9, 11, 12, 14, 15, 19, 20, 25, 26, 32, 33, 34, 36, 37, 44, 45], "summary": {"covered_lines": 18, "num_statements": 18, "percent_covered": 100.0, "percent_covered_display": "100", "missing_lines": 0, "excluded_lines": 0}, "missing_lines": [], "excluded_lines": []}}, "classes": {"ToolResult": {"executed_lines": [17, 22], "summary": {"covered_lines": 2, "num_statements": 2, "percent_covered": 100.0, "percent_covered_display": "100", "missing_lines": 0, "excluded_lines": 0}, "missing_lines": [], "excluded_lines": []}, "BaseTool": {"executed_lines": [48, 51], "summary": {"covered_lines": 2, "num_statements": 3, "percent_covered": 66.66666666666667, "percent_covered_display": "67", "missing_lines": 1, "excluded_lines": 0}, "missing_lines": [49], "excluded_lines": []}, "": {"executed_lines": [1, 2, 3, 5, 8, 9, 11, 12, 14, 15, 19, 20, 25, 26, 32, 33, 34, 36, 37, 44, 45], "summary": {"covered_lines": 18, "num_statements": 18, "percent_covered": 100.0, "percent_covered_display": "100", "missing_lines": 0, "excluded_lines":
[...]
ry": {"covered_lines": 24, "num_statements": 58, "percent_covered": 41.37931034482759, "percent_covered_display": "41", "missing_lines": 34, "excluded_lines": 0}, "missing_lines": [22, 23, 24, 25, 26, 29, 39, 40, 41, 42, 43, 44, 45, 72, 74, 75, 77, 79, 80, 82, 84, 86, 89, 96, 97, 98, 101, 102, 104, 106, 108, 109, 113, 114], "excluded_lines": [], "functions": {"_run_pytest_sync": {"executed_lines": [], "summary": {"covered_lines": 0, "num_statements": 13, "percent_covered": 0.0, "percent_covered_display": "0", "missing_lines": 13, "excluded_lines": 0}, "missing_lines": [22, 23, 24, 25, 26, 29, 39, 40, 41, 42, 43, 44, 45], "excluded_lines": []}, "RunTestsTool.input_schema": {"executed_lines": [68], "summary": {"covered_lines": 1, "num_statements": 1, "percent_covered": 100.0, "percent_covered_display": "100", "missing_lines": 0, "excluded_lines": 0}, "missing_lines": [], "excluded_lines": []}, "RunTestsTool.execute": {"executed_lines": [], "summary": {"covered_lines": 0, "num_statements": 21, "percent_covered": 0.0, "percent_covered_display": "0", "missing_lines": 21, "excluded_lines": 0}, "missing_lines": [72, 74, 75, 77, 79, 80, 82, 84, 86, 89, 96, 97, 98, 101, 102, 104, 106, 108, 109, 113, 114], "excluded_lines": []}, "": {"executed_lines": [1, 2, 3, 4, 5, 6, 8, 10, 11, 12, 15, 48, 49, 50, 51, 52, 53, 56, 57, 59, 60, 61, 64, 66, 67, 70], "summary": {"covered_lines": 23, "num_statements": 23, "percent_covered": 100.0, "percent_covered_display": "100", "missing_lines": 0, "excluded_lines": 0}, "missing_lines": [], "excluded_lines": []}}, "classes": {"RunTestsInput": {"executed_lines": [], "summary": {"covered_lines": 0, "num_statements": 0, "percent_covered": 100.0, "percent_covered_display": "100", "missing_lines": 0, "excluded_lines": 0}, "missing_lines": [], "excluded_lines": []}, "RunTestsTool": {"executed_lines": [68], "summary": {"covered_lines": 1, "num_statements": 22, "percent_covered": 4.545454545454546, "percent_covered_display": "5", "missing_lines": 21, "excluded_lines": 0}, "missing_lines": [72, 74, 75, 77, 79, 80, 82, 84, 86, 89, 96, 97, 98, 101, 102, 104, 106, 108, 109, 113, 114], "excluded_lines": []}, "": {"executed_lines": [1, 2, 3, 4, 5, 6, 8, 10, 11, 12, 15, 48, 49, 50, 51, 52, 53, 56, 57, 59, 60, 61, 64, 66, 67, 70], "summary": {"covered_lines": 23, "num_statements": 36, "percent_covered": 63.888888888888886, "percent_covered_display": "64", "missing_lines": 13, "excluded_lines": 0}, "missing_lines": [22, 23, 24, 25, 26, 29, 39, 40, 41, 42, 43, 44, 45], "excluded_lines": []}}}, "mcp_server\\tools\\validation_tools.py": {"executed_lines": [1, 2, 4, 6, 7, 10, 11, 12, 15, 16, 18, 19, 20, 22, 23, 25, 26, 27, 29, 34, 35, 36, 39, 40, 42, 43, 44, 46, 47, 48, 50], "summary": {"covered_lines": 26, "num_statements": 28, "percent_covered": 92.85714285714286, "percent_covered_display": "93", "missing_lines": 2, "excluded_lines": 0}, "missing_lines": [31, 52], "excluded_lines": [], "functions": {"ValidationTool.__init__": {"executed_lines": [23], "summary": {"covered_lines": 1, "num_statements": 1, "percent_covered": 100.0, "percent_covered_display": "100", "missing_lines": 0, "excluded_lines": 0}, "missing_lines": [], "excluded_lines": []}, "ValidationTool.input_schema": {"executed_lines": [27], "summary": {"covered_lines": 1, "num_statements": 1, "percent_covered": 100.0, "percent_covered_display": "100", "missing_lines": 0, "excluded_lines": 0}, "missing_lines": [], "excluded_lines": []}, "ValidationTool.execute": {"executed_lines": [], "summary": {"covered_lines": 0, "num_statements": 1, "percent_covered": 0.0, "percent_covered_display": "0", "missing_lines": 1, "excluded_lines": 0}, "missing_lines": [31], "excluded_lines": []}, "ValidateDTOTool.input_schema": {"executed_lines": [48], "summary": {"covered_lines": 1, "num_statements": 1, "percent_covered": 100.0, "percent_covered_display": "100", "missing_lines": 0, "excluded_lines": 0}, "missing_lines": [], "excluded_lines": []}, "ValidateDTOTool.execute": {"executed_lines": [], "summary": {"covered_lines": 0, "num_statements": 1, "percent_covered": 0.0, "percent_covered_display": "0", "missing_lines": 1, "excluded_lines": 0}, "missing_lines": [52], "excluded_lines": []}, "": {"executed_lines": [1, 2, 4, 6, 7, 10, 11, 12, 15, 16, 18, 19, 20, 22, 25, 26, 29, 34, 35, 36, 39, 40, 42, 43, 44, 46, 47, 50], "summary": {"covered_lines": 23, "num_statements": 23, "percent_covered": 100.0, "percent_covered_display": "100", "missing_lines": 0, "excluded_lines": 0}, "missing_lines": [], "excluded_lines": []}}, "classes": {"ValidationInput": {"executed_lines": [], "summary": {"covered_lines": 0, "num_statements": 0, "percent_covered": 100.0, "percent_covered_display": "100", "missing_lines": 0, "excluded_lines": 0}, "missing_lines": [], "excluded_lines": []}, "ValidationTool": {"executed_lines": [23, 27], "summary": {"covered_lines": 2, "num_statements": 3, "percent_covered": 66.66666666666667, "percent_covered_display": "67", "missing_lines": 1, "excluded_lines": 0}, "missing_lines": [31], "excluded_lines": []}, "ValidateDTOInput": {"executed_lines": [], "summary": {"covered_lines": 0, "num_statements": 0, "percent_covered": 100.0, "percent_covered_display": "100", "missing_lines": 0, "excluded_lines": 0}, "missing_lines": [], "excluded_lines": []}, "ValidateDTOTool": {"executed_lines": [48], "summary": {"covered_lines": 1, "num_statements": 2, "percent_covered": 50.0, "percent_covered_display": "50", "missing_lines": 1, "excluded_lines": 0}, "missing_lines": [52], "excluded_lines": []}, "": {"executed_lines": [1, 2, 4, 6, 7, 10, 11, 12, 15, 16, 18, 19, 20, 22, 25, 26, 29, 34, 35, 36, 39, 40, 42, 43, 44, 46, 47, 50], "summary": {"covered_lines": 23, "num_statements": 23, "percent_covered": 100.0, "percent_covered_display": "100", "missing_lines": 0, "excluded_lines": 0}, "missing_lines": [], "excluded_lines": []}}}, "mcp_server\\validation\\__init__.py": {"executed_lines": [1, 2, 3, 5], "summary": {"covered_lines": 3, "num_statements": 3, "percent_covered": 100.0, "percent_covered_display": "100", "missing_lines": 0, "excluded_lines": 0}, "missing_lines": [], "excluded_lines": [], "functions": {"": {"executed_lines": [1, 2, 3, 5], "summary": {"covered_lines": 3, "num_statements": 3, "percent_covered": 100.0, "percent_covered_display": "100", "missing_lines": 0, "excluded_lines": 0}, "missing_lines": [], "excluded_lines": []}}, "classes": {"": {"executed_lines": [1, 2, 3, 5], "summary": {"covered_lines": 3, "num_statements": 3, "percent_covered": 100.0, "percent_covered_display": "100", "missing_lines": 0, "excluded_lines": 0}, "missing_lines": [], "excluded_lines": []}}}, "mcp_server\\validation\\base.py": {"executed_lines": [1, 2, 3, 6, 7, 8, 9, 10, 11, 12, 15, 16, 17, 18, 19, 22, 23, 26, 29, 30], "summary": {"covered_lines": 16, "num_statements": 17, "percent_covered": 94.11764705882354, "percent_covered_display": "94", "missing_lines": 1, "excluded_lines": 0}, "missing_lines": [28], "excluded_lines": [], "functions": {"BaseValidator.__repr__": {"executed_lines": [], "summary": {"covered_lines": 0, "num_statements": 1, "percent_covered": 0.0, "percent_covered_display": "0", "missing_lines": 1, "excluded_lines": 0}, "missing_lines": [28], "excluded_lines": []}, "BaseValidator.validate": {"executed_lines": [], "summary": {"covered_lines": 0, "num_statements": 0, "percent_covered": 100.0, "percent_covered_display": "100", "missing_lines": 0, "excluded_lines": 0}, "missing_lines": [], "excluded_lines": []}, "": {"executed_lines": [1, 2, 3, 6, 7, 8, 9, 10, 11, 12, 15, 16, 17, 18, 19, 22, 23, 26, 29, 30], "summary": {"covered_lines": 16, "num_statements": 16, "percent_covered": 100.0, "percent_covered_display": "100", "missing_lines": 0, "excluded_lines": 0}, "missing_lines": [], "excluded_lines": []}}, "classes": {"ValidationIssue": {"executed_lines": [], "summary": {"covered_lines": 0, "num_statements": 0, "percent_covered": 100.0, "percent_covered_display": "100", "missing_lines": 0, "excluded_lines": 0}, "missing_lines": [], "excluded_lines": []}, "ValidationResult": {"executed_lines": [], "summary": {"covered_lines": 0, "num_statements": 0, "percent_covered": 100.0, "percent_covered_display": "100", "missing_lines": 0, "excluded_lines": 0}, "missing_lines": [], "excluded_lines": []}, "BaseValidator": {"executed_lines": [], "summary": {"covered_lines": 0, "num_statements": 1, "percent_covered": 0.0, "percent_covered_display": "0", "missing_lines": 1, "excluded_lines": 0}, "missing_lines": [28], "excluded_lines": []}, "": {"executed_lines": [1, 2, 3, 6, 7, 8, 9, 10, 11, 12, 15, 16, 17, 18, 19, 22, 23, 26, 29, 30], "summary": {"covered_lines": 16, "num_statements": 16, "percent_covered": 100.0, "percent_covered_display": "100", "missing_lines": 0, "excluded_lines": 0}, "missing_lines": [], "excluded_lines": []}}}, "mcp_server\\validation\\markdown_validator.py": {"executed_lines": [1, 2, 3, 5, 8, 9, 11, 13, 14, 16, 18, 20, 28, 29, 32, 33, 34, 37, 38, 39, 40, 44, 47, 48, 49, 56, 58, 61, 63, 68, 69, 75, 79, 81, 82, 88, 90], "summary": {"covered_lines": 35, "num_statements": 36, "percent_covered": 97.22222222222223, "percent_covered_display": "97", "missing_lines": 1, "excluded_lines": 0}, "missing_lines": [71], "excluded_lines": [], "functions": {"MarkdownValidator.__init__": {"executed_lines": [13, 14], "summary": {"covered_lines": 2, "num_statements": 2, "percent_covered": 100.0, "percent_covered_display": "100", "missing_lines": 0, "excluded_lines": 0}, "missing_lines": [], "excluded_lines": []}, "MarkdownValidator.__repr__": {"executed_lines": [18], "summary": {"covered_lines": 1, "num_statements": 1, "percent_covered": 100.0, "percent_covered_display": "100", "missing_lines": 0, "excluded_lines": 0}, "missing_lines": [], "excluded_lines": []}, "MarkdownValidator.validate": {"executed_lines": [28, 29, 32, 33, 34, 37, 38, 39, 40, 44, 47, 48, 49, 56, 58, 61, 63, 68, 69, 75, 79, 81, 82, 88, 90], "summary": {"covered_lines": 25, "num_statements": 26, "percent_covered": 96.15384615384616, "percent_covered_display": "96", "missing_lines": 1, "excluded_lines": 0}, "missing_lines": [71], "excluded_lines": []}, "": {"executed_lines": [1, 2, 3, 5, 8, 9, 11, 16, 20], "summary": {"covered_lines": 7, "num_statements": 7, "percent_covered": 100.0, "percent_covered_display": "100", "missing_lines": 0, "excluded_lines": 0}, "missing_lines": [], "excluded_lines": []}}, "classes": {"MarkdownValidator": {"executed_lines": [13, 14, 18, 28, 29, 32, 33, 34, 37, 38, 39, 40, 44, 47, 48, 49, 56, 58, 61, 63, 68, 69, 75, 79, 81, 82, 88, 90], "summary": {"covered_lines": 28, "num_statements": 29, "percent_covered": 96.55172413793103, "percent_covered_display": "97", "missing_lines": 1, "excluded_lines": 0}, "missing_lines": [71], "excluded_lines": []}, "": {"executed_lines": [1, 2, 3, 5, 8, 9, 11, 16, 20], "summary": {"covered_lines": 7, "num_statements": 7, "percent_covered": 100.0, "percent_covered_display": "100", "missing_lines": 0, "excluded_lines": 0}, "missing_lines": [], "excluded_lines": []}}}, "mcp_server\\validation\\python_validator.py": {"executed_lines": [1, 2, 3, 4, 6, 7, 10, 11, 13, 15, 17, 21, 27, 28, 30, 32, 34, 36, 37, 38, 39, 40, 44, 46, 50, 51, 52, 56, 60, 64, 65, 68, 69, 70, 71, 75, 76, 77, 79, 80, 81, 83, 91], "summary": {"covered_lines": 41, "num_statements": 46, "percent_covered": 89.1304347826087, "percent_covered_display": "89", "missing_lines": 5, "excluded_lines": 0}, "missing_lines": [19, 53, 54, 72, 73], "excluded_lines": [], "functions": {"PythonValidator.__init__": {"executed_lines": [15], "summary": {"covered_lines": 1, "num_statements": 1, "percent_covered": 100.0, "percent_covered_display": "100", "missing_lines": 0, "excluded_lines": 0}, "missing_lines": [], "excluded_lines": []}, "PythonValidator.__repr__": {"executed_lines": [], "summary": {"covered_lines": 0, "num_statements": 1, "percent_covered": 0.0, "percent_covered_display": "0", "missing_lines": 1, "excluded_lines": 0}, "missing_lines": [19], "excluded_lines": []}, "PythonValidator.validate": {"executed_lines": [27, 28, 30, 32, 34, 36, 37, 38, 39, 40, 44, 46, 50, 51, 52], "summary": {"covered_lines": 15, "num_statements": 17, "percent_covered": 88.23529411764706, "percent_covered_display": "88", "missing_lines": 2, "excluded_lines": 0}, "missing_lines": [53, 54], "excluded_lines": []}, "PythonValidator._parse_result": {"executed_lines": [60, 64, 65, 68, 69, 70, 71, 75, 76, 77, 79, 80, 81, 83, 91], "summary": {"covered_lines": 15, "num_statements": 17, "percent_covered": 88.23529411764706, "percent_covered_display": "88", "missing_lines": 2, "excluded_lines": 0}, "missing_lines": [72, 73], "excluded_lines": []}, "": {"executed_lines": [1, 2, 3, 4, 6, 7, 10, 11, 13, 17, 21, 56], "summary": {"covered_lines": 10, "num_statements": 10, "percent_covered": 100.0, "percent_covered_display": "100", "missing_lines": 0, "excluded_lines": 0}, "missing_lines": [], "excluded_lines": []}}, "classes": {"PythonValidator": {"executed_lines": [15, 27, 28, 30, 32, 34, 36, 37, 38, 39, 40, 44, 46, 50, 51, 52, 60, 64, 65, 68, 69, 70, 71, 75, 76, 77, 79, 80, 81, 83, 91], "summary": {"covered_lines": 31, "num_statements": 36, "percent_covered": 86.11111111111111, "percent_covered_display": "86", "missing_lines": 5, "excluded_lines": 0}, "missing_lines": [19, 53, 54, 72, 73], "excluded_lines": []}, "": {"executed_lines": [1, 2, 3, 4, 6, 7, 10, 11, 13, 17, 21, 56], "summary": {"covered_lines": 10, "num_statements": 10, "percent_covered": 100.0, "percent_covered_display": "100", "missing_lines": 0, "excluded_lines": 0}, "missing_lines": [], "excluded_lines": []}}}, "mcp_server\\validation\\registry.py": {"executed_lines": [1, 2, 3, 4, 6, 9, 10, 12, 13, 15, 16, 18, 20, 21, 23, 25, 26, 36, 39, 40, 41, 42, 45, 46, 47, 49, 51, 52, 57, 58], "summary": {"covered_lines": 28, "num_statements": 28, "percent_covered": 100.0, "percent_covered_display": "100", "missing_lines": 0, "excluded_lines": 0}, "missing_lines": [], "excluded_lines": [], "functions": {"ValidatorRegistry.register": {"executed_lines": [18], "summary": {"covered_lines": 1, "num_statements": 1, "percent_covered": 100.0, "percent_covered_display": "100", "missing_lines": 0, "excluded_lines": 0}, "missing_lines": [], "excluded_lines": []}, "ValidatorRegistry.register_pattern": {"executed_lines": [23], "summary": {"covered_lines": 1, "num_statements": 1, "percent_covered": 100.0, "percent_covered_display": "100", "missing_lines": 0, "excluded_lines": 0}, "missing_lines": [], "excluded_lines": []}, "ValidatorRegistry.get_validators": {"executed_lines": [36, 39, 40, 41, 42, 45, 46, 47, 49], "summary": {"covered_lines": 9, "num_statements": 9, "percent_covered": 100.0, "percent_covered_display": "100", "missing_lines": 0, "excluded_lines": 0}, "missing_lines": [], "excluded_lines": []}, "ValidatorRegistry.get_validator": {"executed_lines": [57, 58], "summary": {"covered_lines": 2, "num_statements": 2, "percent_covered": 100.0, "percent_covered_display": "100", "missing_lines": 0, "excluded_lines": 0}, "missing_lines": [], "excluded_lines": []}, "": {"executed_lines": [1, 2, 3, 4, 6, 9, 10, 12, 13, 15, 16, 20, 21, 25, 26, 51, 52], "summary": {"covered_lines": 15, "num_statements": 15, "percent_covered": 100.0, "percent_covered_display": "100", "missing_lines": 0, "excluded_lines": 0}, "missing_lines": [], "excluded_lines": []}}, "classes": {"ValidatorRegistry": {"executed_lines": [18, 23, 36, 39, 40, 41, 42, 45, 46, 47, 49, 57, 58], "summary": {"covered_lines": 13, "num_statements": 13, "percent_covered": 100.0, "percent_covered_display": "100", "missing_lines": 0, "excluded_lines": 0}, "missing_lines": [], "excluded_lines": []}, "": {"executed_lines": [1, 2, 3, 4, 6, 9, 10, 12, 13, 15, 16, 20, 21, 25, 26, 51, 52], "summary": {"covered_lines": 15, "num_statements": 15, "percent_covered": 100.0, "percent_covered_display": "100", "missing_lines": 0, "excluded_lines": 0}, "missing_lines": [], "excluded_lines": []}}}, "mcp_server\\validation\\template_validator.py": {"executed_lines": [1, 2, 3, 4, 6, 9, 10, 14, 43, 50, 51, 52, 53, 55, 57, 59, 61, 63, 64, 65, 66, 68, 72, 74, 75, 76, 77, 78, 80, 86, 88, 89, 90, 91, 92, 93, 97, 99, 101, 102, 104, 105, 106, 110, 112, 114, 115, 117, 118, 119, 123, 125, 127, 128, 129, 130, 134, 136, 138, 139, 140, 141, 145], "summary": {"covered_lines": 61, "num_statements": 61, "percent_covered": 100.0, "percent_covered_display": "100", "missing_lines": 0, "excluded_lines": 0}, "missing_lines": [], "excluded_lines": [], "functions": {"TemplateValidator.__init__": {"executed_lines": [50, 51, 52, 53], "summary": {"covered_lines": 4, "num_statements": 4, "percent_covered": 100.0, "percent_covered_display": "100", "missing_lines": 0, "excluded_lines": 0}, "missing_lines": [], "excluded_lines": []}, "TemplateValidator.__repr__": {"executed_lines": [57], "summary": {"covered_lines": 1, "num_statements": 1, "percent_covered": 100.0, "percent_covered_display": "100", "missing_lines": 0, "excluded_lines": 0}, "missing_lines": [], "excluded_lines": []}, "TemplateValidator.validate": {"executed_lines": [61, 63, 64, 65, 66, 68, 72, 74, 75, 76, 77, 78, 80], "summary": {"covered_lines": 13, "num_statements": 13, "percent_covered": 100.0, "percent_covered_display": "100", "missing_lines": 0, "excluded_lines": 0}, "missing_lines": [], "excluded_lines": []}, "TemplateValidator._validate_class_name": {"executed_lines": [88, 89, 90, 91, 92, 93, 97], "summary": {"covered_lines": 7, "num_statements": 7, "percent_covered": 100.0, "percent_covered_display": "100", "missing_lines": 0, "excluded_lines": 0}, "missing_lines": [], "excluded_lines": []}, "TemplateValidator._validate_methods": {"executed_lines": [101, 102, 104, 105, 106, 110], "summary": {"covered_lines": 6, "num_statements": 6, "percent_covered": 100.0, "percent_covered_display": "100", "missing_lines": 0, "excluded_lines": 0}, "missing_lines": [], "excluded_lines": []}, "TemplateValidator._validate_attributes": {"executed_lines": [114, 115, 117, 118, 119, 123], "summary": {"covered_lines": 6, "num_statements": 6, "percent_covered": 100.0, "percent_covered_display": "100", "missing_lines": 0, "excluded_lines": 0}, "missing_lines": [], "excluded_lines": []}, "TemplateValidator._validate_imports": {"executed_lines": [127, 128, 129, 130, 134], "summary": {"covered_lines": 5, "num_statements": 5, "percent_covered": 100.0, "percent_covered_display": "100", "missing_lines": 0, "excluded_lines": 0}, "missing_lines": [], "excluded_lines": []}, "TemplateValidator._validate_decorators": {"executed_lines": [138, 139, 140, 141, 145], "summary": {"covered_lines": 5, "num_statements": 5, "percent_covered": 100.0, "percent_covered_display": "100", "missing_lines": 0, "excluded_lines": 0}, "missing_lines": [], "excluded_lines": []}, "": {"executed_lines": [1, 2, 3, 4, 6, 9, 10, 14, 43, 55, 59, 86, 99, 112, 125, 136], "summary": {"covered_lines": 14, "num_statements": 14, "percent_covered": 100.0, "percent_covered_display": "100", "missing_lines": 0, "excluded_lines": 0}, "missing_lines": [], "excluded_lines": []}}, "classes": {"TemplateValidator": {"executed_lines": [50, 51, 52, 53, 57, 61, 63, 64, 65, 66, 68, 72, 74, 75, 76, 77, 78, 80, 88, 89, 90, 91, 92, 93, 97, 101, 102, 104, 105, 106, 110, 114, 115, 117, 118, 119, 123, 127, 128, 129, 130, 134, 138, 139, 140, 141, 145], "summary": {"covered_lines": 47, "num_statements": 47, "percent_covered": 100.0, "percent_covered_display": "100", "missing_lines": 0, "excluded_lines": 0}, "missing_lines": [], "excluded_lines": []}, "": {"executed_lines": [1, 2, 3, 4, 6, 9, 10, 14, 43, 55, 59, 86, 99, 112, 125, 136], "summary": {"covered_lines": 14, "num_statements": 14, "percent_covered": 100.0, "percent_covered_display": "100", "missing_lines": 0, "excluded_lines": 0}, "missing_lines": [], "excluded_lines": []}}}}, "totals": {"covered_lines": 1586, "num_statements": 2282, "percent_covered": 69.50043821209465, "percent_covered_display": "70", "missing_lines": 696, "excluded_lines": 5}}